Flow report for q3c
Fri Mar 26 15:46:38 2010
Quartus II Version 9.1 Build 222 10/21/2009 SJ Full Version


---------------------
; Table of Contents ;
---------------------
  1. Legal Notice
  2. Flow Summary
  3. Flow Settings
  4. Flow Non-Default Global Settings
  5. Flow Elapsed Time
  6. Flow OS Summary
  7. Flow Log



----------------
; Legal Notice ;
----------------
Copyright (C) 1991-2009 Altera Corporation
Your use of Altera Corporation's design tools, logic functions 
and other software and tools, and its AMPP partner logic 
functions, and any output files from any of the foregoing 
(including device programming or simulation files), and any 
associated documentation or information are expressly subject 
to the terms and conditions of the Altera Program License 
Subscription Agreement, Altera MegaCore Function License 
Agreement, or other applicable license agreement, including, 
without limitation, that your use is for the sole purpose of 
programming logic devices manufactured by Altera and sold by 
Altera or its authorized distributors.  Please refer to the 
applicable agreement for further details.



+-------------------------------------------------------------------------------+
; Flow Summary                                                                  ;
+------------------------------------+------------------------------------------+
; Flow Status                        ; Successful - Fri Mar 26 15:46:38 2010    ;
; Quartus II Version                 ; 9.1 Build 222 10/21/2009 SJ Full Version ;
; Revision Name                      ; q3c                                      ;
; Top-level Entity Name              ; q3c                                      ;
; Family                             ; Cyclone II                               ;
; Device                             ; EP2C20F484C7                             ;
; Timing Models                      ; Final                                    ;
; Met timing requirements            ; Yes                                      ;
; Total logic elements               ; 3 / 18,752 ( < 1 % )                     ;
;     Total combinational functions  ; 3 / 18,752 ( < 1 % )                     ;
;     Dedicated logic registers      ; 0 / 18,752 ( 0 % )                       ;
; Total registers                    ; 0                                        ;
; Total pins                         ; 9 / 315 ( 3 % )                          ;
; Total virtual pins                 ; 0                                        ;
; Total memory bits                  ; 0 / 239,616 ( 0 % )                      ;
; Embedded Multiplier 9-bit elements ; 0 / 52 ( 0 % )                           ;
; Total PLLs                         ; 0 / 4 ( 0 % )                            ;
+------------------------------------+------------------------------------------+


+-----------------------------------------+
; Flow Settings                           ;
+-------------------+---------------------+
; Option            ; Setting             ;
+-------------------+---------------------+
; Start date & time ; 03/26/2010 15:45:31 ;
; Main task         ; Compilation         ;
; Revision Name     ; q3c                 ;
+-------------------+---------------------+


+--------------------------------------------------------------------------------------------------------------------------------------------------------------+
; Flow Non-Default Global Settings                                                                                                                             ;
+------------------------------------+--------------------------------------------------------------------------+---------------+-------------+----------------+
; Assignment Name                    ; Value                                                                    ; Default Value ; Entity Name ; Section Id     ;
+------------------------------------+--------------------------------------------------------------------------+---------------+-------------+----------------+
; COMPILER_SIGNATURE_ID              ; 123494882995.126962913103244                                             ; --            ; --          ; --             ;
; MAX_CORE_JUNCTION_TEMP             ; 85                                                                       ; --            ; --          ; --             ;
; MIN_CORE_JUNCTION_TEMP             ; 0                                                                        ; --            ; --          ; --             ;
; MISC_FILE                          ; C:/Documents and Settings/ra082115/Meus documentos/Downloads/q3c/q3c.dpf ; --            ; --          ; --             ;
; PARTITION_COLOR                    ; 16764057                                                                 ; --            ; --          ; Top            ;
; PARTITION_NETLIST_TYPE             ; SOURCE                                                                   ; --            ; --          ; Top            ;
; USE_GENERATED_PHYSICAL_CONSTRAINTS ; Off                                                                      ; --            ; --          ; eda_blast_fpga ;
+------------------------------------+--------------------------------------------------------------------------+---------------+-------------+----------------+


+-----------------------------------------------------------------------------------------------------------------------------+
; Flow Elapsed Time                                                                                                           ;
+-------------------------+--------------+-------------------------+---------------------+------------------------------------+
; Module Name             ; Elapsed Time ; Average Processors Used ; Peak Virtual Memory ; Total CPU Time (on all processors) ;
+-------------------------+--------------+-------------------------+---------------------+------------------------------------+
; Analysis & Synthesis    ; 00:00:20     ; 1.0                     ; 192 MB              ; 00:00:01                           ;
; Fitter                  ; 00:00:24     ; 3.0                     ; 240 MB              ; 00:00:06                           ;
; Assembler               ; 00:00:20     ; 1.0                     ; 190 MB              ; 00:00:02                           ;
; Classic Timing Analyzer ; 00:00:19     ; 1.0                     ; 125 MB              ; 00:00:00                           ;
; Total                   ; 00:01:23     ; --                      ; --                  ; 00:00:09                           ;
+-------------------------+--------------+-------------------------+---------------------+------------------------------------+


+---------------------------------------------------------------------------------------+
; Flow OS Summary                                                                       ;
+-------------------------+------------------+------------+------------+----------------+
; Module Name             ; Machine Hostname ; OS Name    ; OS Version ; Processor type ;
+-------------------------+------------------+------------+------------+----------------+
; Analysis & Synthesis    ; honduras         ; Windows XP ; 5.1        ; i686           ;
; Fitter                  ; honduras         ; Windows XP ; 5.1        ; i686           ;
; Assembler               ; honduras         ; Windows XP ; 5.1        ; i686           ;
; Classic Timing Analyzer ; honduras         ; Windows XP ; 5.1        ; i686           ;
+-------------------------+------------------+------------+------------+----------------+


------------
; Flow Log ;
------------
quartus_map --read_settings_files=on --write_settings_files=off q3c -c q3c
quartus_fit --read_settings_files=off --write_settings_files=off q3c -c q3c
quartus_asm --read_settings_files=off --write_settings_files=off q3c -c q3c
quartus_tan --read_settings_files=off --write_settings_files=off q3c -c q3c --timing_analysis_only



