Analysis & Synthesis report for disp
Thu Jun 10 16:47:17 2010
Quartus II Version 9.1 Build 304 01/25/2010 Service Pack 1 SJ Web Edition


---------------------
; Table of Contents ;
---------------------
  1. Legal Notice
  2. Analysis & Synthesis Summary
  3. Analysis & Synthesis Settings
  4. Parallel Compilation
  5. Analysis & Synthesis Source Files Read
  6. Analysis & Synthesis Resource Usage Summary
  7. Analysis & Synthesis Resource Utilization by Entity
  8. Registers Removed During Synthesis
  9. Removed Registers Triggering Further Register Optimizations
 10. General Register Statistics
 11. Inverted Register Statistics
 12. Parameter Settings for Inferred Entity Instance: disp_words:words|lpm_divide:Mod0
 13. Parameter Settings for Inferred Entity Instance: disp_words:words|lpm_divide:Div0
 14. Parameter Settings for Inferred Entity Instance: disp_words:words|lpm_divide:Mod1
 15. Parameter Settings for Inferred Entity Instance: disp_words:words|lpm_divide:Div1
 16. Parameter Settings for Inferred Entity Instance: disp_words:words|lpm_divide:Mod2
 17. Parameter Settings for Inferred Entity Instance: disp_words:words|lpm_divide:Mod3
 18. Port Connectivity Checks: "counter:count"
 19. Port Connectivity Checks: "disp_words:words"
 20. Analysis & Synthesis Messages



----------------
; Legal Notice ;
----------------
Copyright (C) 1991-2010 Altera Corporation
Your use of Altera Corporation's design tools, logic functions 
and other software and tools, and its AMPP partner logic 
functions, and any output files from any of the foregoing 
(including device programming or simulation files), and any 
associated documentation or information are expressly subject 
to the terms and conditions of the Altera Program License 
Subscription Agreement, Altera MegaCore Function License 
Agreement, or other applicable license agreement, including, 
without limitation, that your use is for the sole purpose of 
programming logic devices manufactured by Altera and sold by 
Altera or its authorized distributors.  Please refer to the 
applicable agreement for further details.



+-----------------------------------------------------------------------------------+
; Analysis & Synthesis Summary                                                      ;
+------------------------------------+----------------------------------------------+
; Analysis & Synthesis Status        ; Successful - Thu Jun 10 16:47:17 2010        ;
; Quartus II Version                 ; 9.1 Build 304 01/25/2010 SP 1 SJ Web Edition ;
; Revision Name                      ; disp                                         ;
; Top-level Entity Name              ; disp                                         ;
; Family                             ; Cyclone II                                   ;
; Total logic elements               ; 450                                          ;
;     Total combinational functions  ; 450                                          ;
;     Dedicated logic registers      ; 64                                           ;
; Total registers                    ; 64                                           ;
; Total pins                         ; 54                                           ;
; Total virtual pins                 ; 0                                            ;
; Total memory bits                  ; 0                                            ;
; Embedded Multiplier 9-bit elements ; 0                                            ;
; Total PLLs                         ; 0                                            ;
+------------------------------------+----------------------------------------------+


+----------------------------------------------------------------------------------------------------------------------+
; Analysis & Synthesis Settings                                                                                        ;
+----------------------------------------------------------------------------+--------------------+--------------------+
; Option                                                                     ; Setting            ; Default Value      ;
+----------------------------------------------------------------------------+--------------------+--------------------+
; Device                                                                     ; EP2C20F484C7       ;                    ;
; Top-level entity name                                                      ; disp               ; disp               ;
; Family name                                                                ; Cyclone II         ; Stratix II         ;
; Use Generated Physical Constraints File                                    ; Off                ;                    ;
; Use smart compilation                                                      ; Off                ; Off                ;
; Enable parallel Assembler and TimeQuest Timing Analyzer during compilation ; On                 ; On                 ;
; Enable compact report table                                                ; Off                ; Off                ;
; Restructure Multiplexers                                                   ; Auto               ; Auto               ;
; Create Debugging Nodes for IP Cores                                        ; Off                ; Off                ;
; Preserve fewer node names                                                  ; On                 ; On                 ;
; Disable OpenCore Plus hardware evaluation                                  ; Off                ; Off                ;
; Verilog Version                                                            ; Verilog_2001       ; Verilog_2001       ;
; VHDL Version                                                               ; VHDL_1993          ; VHDL_1993          ;
; State Machine Processing                                                   ; Auto               ; Auto               ;
; Safe State Machine                                                         ; Off                ; Off                ;
; Extract Verilog State Machines                                             ; On                 ; On                 ;
; Extract VHDL State Machines                                                ; On                 ; On                 ;
; Ignore Verilog initial constructs                                          ; Off                ; Off                ;
; Iteration limit for constant Verilog loops                                 ; 5000               ; 5000               ;
; Iteration limit for non-constant Verilog loops                             ; 250                ; 250                ;
; Add Pass-Through Logic to Inferred RAMs                                    ; On                 ; On                 ;
; Parallel Synthesis                                                         ; On                 ; On                 ;
; DSP Block Balancing                                                        ; Auto               ; Auto               ;
; NOT Gate Push-Back                                                         ; On                 ; On                 ;
; Power-Up Don't Care                                                        ; On                 ; On                 ;
; Remove Redundant Logic Cells                                               ; Off                ; Off                ;
; Remove Duplicate Registers                                                 ; On                 ; On                 ;
; Ignore CARRY Buffers                                                       ; Off                ; Off                ;
; Ignore CASCADE Buffers                                                     ; Off                ; Off                ;
; Ignore GLOBAL Buffers                                                      ; Off                ; Off                ;
; Ignore ROW GLOBAL Buffers                                                  ; Off                ; Off                ;
; Ignore LCELL Buffers                                                       ; Off                ; Off                ;
; Ignore SOFT Buffers                                                        ; On                 ; On                 ;
; Limit AHDL Integers to 32 Bits                                             ; Off                ; Off                ;
; Optimization Technique                                                     ; Balanced           ; Balanced           ;
; Carry Chain Length                                                         ; 70                 ; 70                 ;
; Auto Carry Chains                                                          ; On                 ; On                 ;
; Auto Open-Drain Pins                                                       ; On                 ; On                 ;
; Perform WYSIWYG Primitive Resynthesis                                      ; Off                ; Off                ;
; Auto ROM Replacement                                                       ; On                 ; On                 ;
; Auto RAM Replacement                                                       ; On                 ; On                 ;
; Auto Shift Register Replacement                                            ; Auto               ; Auto               ;
; Auto Clock Enable Replacement                                              ; On                 ; On                 ;
; Strict RAM Replacement                                                     ; Off                ; Off                ;
; Allow Synchronous Control Signals                                          ; On                 ; On                 ;
; Force Use of Synchronous Clear Signals                                     ; Off                ; Off                ;
; Auto RAM to Logic Cell Conversion                                          ; Off                ; Off                ;
; Auto Resource Sharing                                                      ; Off                ; Off                ;
; Allow Any RAM Size For Recognition                                         ; Off                ; Off                ;
; Allow Any ROM Size For Recognition                                         ; Off                ; Off                ;
; Allow Any Shift Register Size For Recognition                              ; Off                ; Off                ;
; Use LogicLock Constraints during Resource Balancing                        ; On                 ; On                 ;
; Ignore translate_off and synthesis_off directives                          ; Off                ; Off                ;
; Timing-Driven Synthesis                                                    ; Off                ; Off                ;
; Show Parameter Settings Tables in Synthesis Report                         ; On                 ; On                 ;
; Ignore Maximum Fan-Out Assignments                                         ; Off                ; Off                ;
; Synchronization Register Chain Length                                      ; 2                  ; 2                  ;
; PowerPlay Power Optimization                                               ; Normal compilation ; Normal compilation ;
; HDL message level                                                          ; Level2             ; Level2             ;
; Suppress Register Optimization Related Messages                            ; Off                ; Off                ;
; Number of Removed Registers Reported in Synthesis Report                   ; 5000               ; 5000               ;
; Number of Inverted Registers Reported in Synthesis Report                  ; 100                ; 100                ;
; Clock MUX Protection                                                       ; On                 ; On                 ;
; Auto Gated Clock Conversion                                                ; Off                ; Off                ;
; Block Design Naming                                                        ; Auto               ; Auto               ;
; SDC constraint protection                                                  ; Off                ; Off                ;
; Synthesis Effort                                                           ; Auto               ; Auto               ;
; Shift Register Replacement - Allow Asynchronous Clear Signal               ; On                 ; On                 ;
; Analysis & Synthesis Message Level                                         ; Medium             ; Medium             ;
; Disable Register Merging Across Hierarchies                                ; Auto               ; Auto               ;
; Resource Aware Inference For Block RAM                                     ; On                 ; On                 ;
+----------------------------------------------------------------------------+--------------------+--------------------+


Parallel compilation was disabled, but you have multiple processors available. Enable parallel compilation to reduce compilation time.
+-------------------------------------+
; Parallel Compilation                ;
+----------------------------+--------+
; Processors                 ; Number ;
+----------------------------+--------+
; Number detected on machine ; 2      ;
; Maximum allowed            ; 1      ;
+----------------------------+--------+


+----------------------------------------------------------------------------------------------------------------------------------------------------------------------------+
; Analysis & Synthesis Source Files Read                                                                                                                                     ;
+----------------------------------+-----------------+------------------------------------+----------------------------------------------------------------------------------+
; File Name with User-Entered Path ; Used in Netlist ; File Type                          ; File Name with Absolute Path                                                     ;
+----------------------------------+-----------------+------------------------------------+----------------------------------------------------------------------------------+
; conv_7seg.bdf                    ; yes             ; User Block Diagram/Schematic File  ; C:/Users/Tiago/Desktop/Logicos/Projeto/pacman/pac_display/conv_7seg.bdf          ;
; disp.vhd                         ; yes             ; User VHDL File                     ; C:/Users/Tiago/Desktop/Logicos/Projeto/pacman/pac_display/disp.vhd               ;
; disp_words.vhd                   ; yes             ; User VHDL File                     ; C:/Users/Tiago/Desktop/Logicos/Projeto/pacman/pac_display/disp_words.vhd         ;
; counter.vhd                      ; yes             ; User VHDL File                     ; C:/Users/Tiago/Desktop/Logicos/Projeto/pacman/pac_display/counter.vhd            ;
; 16dmux.bdf                       ; yes             ; Megafunction                       ; c:/altera/91sp1/quartus/libraries/others/maxplus2/16dmux.bdf                     ;
; lpm_divide.tdf                   ; yes             ; Megafunction                       ; c:/altera/91sp1/quartus/libraries/megafunctions/lpm_divide.tdf                   ;
; db/lpm_divide_qlo.tdf            ; yes             ; Auto-Generated Megafunction        ; C:/Users/Tiago/Desktop/Logicos/Projeto/pacman/pac_display/db/lpm_divide_qlo.tdf  ;
; db/abs_divider_4dg.tdf           ; yes             ; Auto-Generated Megafunction        ; C:/Users/Tiago/Desktop/Logicos/Projeto/pacman/pac_display/db/abs_divider_4dg.tdf ;
; db/alt_u_div_k5f.tdf             ; yes             ; Auto-Generated Megafunction        ; C:/Users/Tiago/Desktop/Logicos/Projeto/pacman/pac_display/db/alt_u_div_k5f.tdf   ;
; db/add_sub_lkc.tdf               ; yes             ; Auto-Generated Megafunction        ; C:/Users/Tiago/Desktop/Logicos/Projeto/pacman/pac_display/db/add_sub_lkc.tdf     ;
; db/add_sub_mkc.tdf               ; yes             ; Auto-Generated Megafunction        ; C:/Users/Tiago/Desktop/Logicos/Projeto/pacman/pac_display/db/add_sub_mkc.tdf     ;
; db/lpm_abs_0s9.tdf               ; yes             ; Auto-Generated Megafunction        ; C:/Users/Tiago/Desktop/Logicos/Projeto/pacman/pac_display/db/lpm_abs_0s9.tdf     ;
; db/lpm_divide_7so.tdf            ; yes             ; Auto-Generated Megafunction        ; C:/Users/Tiago/Desktop/Logicos/Projeto/pacman/pac_display/db/lpm_divide_7so.tdf  ;
; db/abs_divider_kbg.tdf           ; yes             ; Auto-Generated Megafunction        ; C:/Users/Tiago/Desktop/Logicos/Projeto/pacman/pac_display/db/abs_divider_kbg.tdf ;
; db/alt_u_div_k2f.tdf             ; yes             ; Auto-Generated Megafunction        ; C:/Users/Tiago/Desktop/Logicos/Projeto/pacman/pac_display/db/alt_u_div_k2f.tdf   ;
; db/lpm_abs_gq9.tdf               ; yes             ; Auto-Generated Megafunction        ; C:/Users/Tiago/Desktop/Logicos/Projeto/pacman/pac_display/db/lpm_abs_gq9.tdf     ;
; db/lpm_divide_aso.tdf            ; yes             ; Auto-Generated Megafunction        ; C:/Users/Tiago/Desktop/Logicos/Projeto/pacman/pac_display/db/lpm_divide_aso.tdf  ;
; db/abs_divider_nbg.tdf           ; yes             ; Auto-Generated Megafunction        ; C:/Users/Tiago/Desktop/Logicos/Projeto/pacman/pac_display/db/abs_divider_nbg.tdf ;
; db/alt_u_div_q2f.tdf             ; yes             ; Auto-Generated Megafunction        ; C:/Users/Tiago/Desktop/Logicos/Projeto/pacman/pac_display/db/alt_u_div_q2f.tdf   ;
; db/lpm_abs_jq9.tdf               ; yes             ; Auto-Generated Megafunction        ; C:/Users/Tiago/Desktop/Logicos/Projeto/pacman/pac_display/db/lpm_abs_jq9.tdf     ;
+----------------------------------+-----------------+------------------------------------+----------------------------------------------------------------------------------+


+--------------------------------------------------------------------------+
; Analysis & Synthesis Resource Usage Summary                              ;
+---------------------------------------------+----------------------------+
; Resource                                    ; Usage                      ;
+---------------------------------------------+----------------------------+
; Estimated Total logic elements              ; 450                        ;
;                                             ;                            ;
; Total combinational functions               ; 450                        ;
; Logic element usage by number of LUT inputs ;                            ;
;     -- 4 input functions                    ; 121                        ;
;     -- 3 input functions                    ; 118                        ;
;     -- <=2 input functions                  ; 211                        ;
;                                             ;                            ;
; Logic elements by mode                      ;                            ;
;     -- normal mode                          ; 296                        ;
;     -- arithmetic mode                      ; 154                        ;
;                                             ;                            ;
; Total registers                             ; 64                         ;
;     -- Dedicated logic registers            ; 64                         ;
;     -- I/O registers                        ; 0                          ;
;                                             ;                            ;
; I/O pins                                    ; 54                         ;
; Maximum fan-out node                        ; disp_words:words|Equal20~0 ;
; Maximum fan-out                             ; 53                         ;
; Total fan-out                               ; 1365                       ;
; Average fan-out                             ; 2.40                       ;
+---------------------------------------------+----------------------------+


+------------------------------------------------------------------------------------------------------------------------------------------------------------------------------------------------------------------------------------------------------------------------------------------+
; Analysis & Synthesis Resource Utilization by Entity                                                                                                                                                                                                                                      ;
+------------------------------------------+-------------------+--------------+-------------+--------------+---------+-----------+------+--------------+--------------------------------------------------------------------------------------------------------------------+--------------+
; Compilation Hierarchy Node               ; LC Combinationals ; LC Registers ; Memory Bits ; DSP Elements ; DSP 9x9 ; DSP 18x18 ; Pins ; Virtual Pins ; Full Hierarchy Name                                                                                                ; Library Name ;
+------------------------------------------+-------------------+--------------+-------------+--------------+---------+-----------+------+--------------+--------------------------------------------------------------------------------------------------------------------+--------------+
; |disp                                    ; 450 (0)           ; 64 (0)       ; 0           ; 0            ; 0       ; 0         ; 54   ; 0            ; |disp                                                                                                              ; work         ;
;    |counter:count|                       ; 54 (54)           ; 33 (33)      ; 0           ; 0            ; 0       ; 0         ; 0    ; 0            ; |disp|counter:count                                                                                                ; work         ;
;    |disp_words:words|                    ; 396 (89)          ; 31 (31)      ; 0           ; 0            ; 0       ; 0         ; 0    ; 0            ; |disp|disp_words:words                                                                                             ;              ;
;       |conv_7seg:hexseg0|                ; 2 (0)             ; 0 (0)        ; 0           ; 0            ; 0       ; 0         ; 0    ; 0            ; |disp|disp_words:words|conv_7seg:hexseg0                                                                           ;              ;
;          |16dmux:inst|                   ; 2 (2)             ; 0 (0)        ; 0           ; 0            ; 0       ; 0         ; 0    ; 0            ; |disp|disp_words:words|conv_7seg:hexseg0|16dmux:inst                                                               ;              ;
;       |conv_7seg:hexseg1|                ; 7 (7)             ; 0 (0)        ; 0           ; 0            ; 0       ; 0         ; 0    ; 0            ; |disp|disp_words:words|conv_7seg:hexseg1                                                                           ; work         ;
;       |lpm_divide:Div0|                  ; 69 (0)            ; 0 (0)        ; 0           ; 0            ; 0       ; 0         ; 0    ; 0            ; |disp|disp_words:words|lpm_divide:Div0                                                                             ;              ;
;          |lpm_divide_7so:auto_generated| ; 69 (0)            ; 0 (0)        ; 0           ; 0            ; 0       ; 0         ; 0    ; 0            ; |disp|disp_words:words|lpm_divide:Div0|lpm_divide_7so:auto_generated                                               ;              ;
;             |abs_divider_kbg:divider|    ; 69 (0)            ; 0 (0)        ; 0           ; 0            ; 0       ; 0         ; 0    ; 0            ; |disp|disp_words:words|lpm_divide:Div0|lpm_divide_7so:auto_generated|abs_divider_kbg:divider                       ;              ;
;                |alt_u_div_k2f:divider|   ; 69 (69)           ; 0 (0)        ; 0           ; 0            ; 0       ; 0         ; 0    ; 0            ; |disp|disp_words:words|lpm_divide:Div0|lpm_divide_7so:auto_generated|abs_divider_kbg:divider|alt_u_div_k2f:divider ;              ;
;       |lpm_divide:Div1|                  ; 29 (0)            ; 0 (0)        ; 0           ; 0            ; 0       ; 0         ; 0    ; 0            ; |disp|disp_words:words|lpm_divide:Div1                                                                             ;              ;
;          |lpm_divide_aso:auto_generated| ; 29 (0)            ; 0 (0)        ; 0           ; 0            ; 0       ; 0         ; 0    ; 0            ; |disp|disp_words:words|lpm_divide:Div1|lpm_divide_aso:auto_generated                                               ;              ;
;             |abs_divider_nbg:divider|    ; 29 (0)            ; 0 (0)        ; 0           ; 0            ; 0       ; 0         ; 0    ; 0            ; |disp|disp_words:words|lpm_divide:Div1|lpm_divide_aso:auto_generated|abs_divider_nbg:divider                       ;              ;
;                |alt_u_div_q2f:divider|   ; 29 (29)           ; 0 (0)        ; 0           ; 0            ; 0       ; 0         ; 0    ; 0            ; |disp|disp_words:words|lpm_divide:Div1|lpm_divide_aso:auto_generated|abs_divider_nbg:divider|alt_u_div_q2f:divider ;              ;
;       |lpm_divide:Mod0|                  ; 151 (0)           ; 0 (0)        ; 0           ; 0            ; 0       ; 0         ; 0    ; 0            ; |disp|disp_words:words|lpm_divide:Mod0                                                                             ;              ;
;          |lpm_divide_qlo:auto_generated| ; 151 (0)           ; 0 (0)        ; 0           ; 0            ; 0       ; 0         ; 0    ; 0            ; |disp|disp_words:words|lpm_divide:Mod0|lpm_divide_qlo:auto_generated                                               ;              ;
;             |abs_divider_4dg:divider|    ; 151 (0)           ; 0 (0)        ; 0           ; 0            ; 0       ; 0         ; 0    ; 0            ; |disp|disp_words:words|lpm_divide:Mod0|lpm_divide_qlo:auto_generated|abs_divider_4dg:divider                       ;              ;
;                |alt_u_div_k5f:divider|   ; 151 (151)         ; 0 (0)        ; 0           ; 0            ; 0       ; 0         ; 0    ; 0            ; |disp|disp_words:words|lpm_divide:Mod0|lpm_divide_qlo:auto_generated|abs_divider_4dg:divider|alt_u_div_k5f:divider ;              ;
;       |lpm_divide:Mod1|                  ; 49 (0)            ; 0 (0)        ; 0           ; 0            ; 0       ; 0         ; 0    ; 0            ; |disp|disp_words:words|lpm_divide:Mod1                                                                             ;              ;
;          |lpm_divide_qlo:auto_generated| ; 49 (0)            ; 0 (0)        ; 0           ; 0            ; 0       ; 0         ; 0    ; 0            ; |disp|disp_words:words|lpm_divide:Mod1|lpm_divide_qlo:auto_generated                                               ;              ;
;             |abs_divider_4dg:divider|    ; 49 (0)            ; 0 (0)        ; 0           ; 0            ; 0       ; 0         ; 0    ; 0            ; |disp|disp_words:words|lpm_divide:Mod1|lpm_divide_qlo:auto_generated|abs_divider_4dg:divider                       ;              ;
;                |alt_u_div_k5f:divider|   ; 49 (49)           ; 0 (0)        ; 0           ; 0            ; 0       ; 0         ; 0    ; 0            ; |disp|disp_words:words|lpm_divide:Mod1|lpm_divide_qlo:auto_generated|abs_divider_4dg:divider|alt_u_div_k5f:divider ;              ;
+------------------------------------------+-------------------+--------------+-------------+--------------+---------+-----------+------+--------------+--------------------------------------------------------------------------------------------------------------------+--------------+
Note: For table entries with two numbers listed, the numbers in parentheses indicate the number of resources of the given type used by the specific entity alone. The numbers listed outside of parentheses indicate the total resources of the given type used by the specific entity and all of its sub-entities in the hierarchy.


+---------------------------------------------------------------------------------+
; Registers Removed During Synthesis                                              ;
+----------------------------------------+----------------------------------------+
; Register name                          ; Reason for Removal                     ;
+----------------------------------------+----------------------------------------+
; disp_words:words|counter[3..31]        ; Stuck at GND due to stuck port data_in ;
; Total Number of Removed Registers = 29 ;                                        ;
+----------------------------------------+----------------------------------------+


+---------------------------------------------------------------------------------------------------+
; Removed Registers Triggering Further Register Optimizations                                       ;
+------------------------------+---------------------------+----------------------------------------+
; Register name                ; Reason for Removal        ; Registers Removed due to This Register ;
+------------------------------+---------------------------+----------------------------------------+
; disp_words:words|counter[31] ; Stuck at GND              ; disp_words:words|counter[3]            ;
;                              ; due to stuck port data_in ;                                        ;
+------------------------------+---------------------------+----------------------------------------+


+------------------------------------------------------+
; General Register Statistics                          ;
+----------------------------------------------+-------+
; Statistic                                    ; Value ;
+----------------------------------------------+-------+
; Total registers                              ; 64    ;
; Number of registers using Synchronous Clear  ; 0     ;
; Number of registers using Synchronous Load   ; 0     ;
; Number of registers using Asynchronous Clear ; 0     ;
; Number of registers using Asynchronous Load  ; 0     ;
; Number of registers using Clock Enable       ; 0     ;
; Number of registers using Preset             ; 0     ;
+----------------------------------------------+-------+


+---------------------------------------------------+
; Inverted Register Statistics                      ;
+-----------------------------------------+---------+
; Inverted Register                       ; Fan out ;
+-----------------------------------------+---------+
; disp_words:words|aux_seg1[0]            ; 2       ;
; disp_words:words|aux_seg1[1]            ; 2       ;
; disp_words:words|aux_seg1[2]            ; 2       ;
; disp_words:words|aux_seg1[3]            ; 2       ;
; disp_words:words|aux_seg1[4]            ; 2       ;
; disp_words:words|aux_seg1[5]            ; 2       ;
; disp_words:words|aux_seg1[6]            ; 2       ;
; disp_words:words|aux_seg2[0]            ; 2       ;
; disp_words:words|aux_seg2[1]            ; 2       ;
; disp_words:words|aux_seg2[2]            ; 2       ;
; disp_words:words|aux_seg2[3]            ; 2       ;
; disp_words:words|aux_seg2[4]            ; 2       ;
; disp_words:words|aux_seg2[5]            ; 2       ;
; disp_words:words|aux_seg2[6]            ; 2       ;
; disp_words:words|aux_seg3[0]            ; 1       ;
; disp_words:words|aux_seg3[1]            ; 1       ;
; disp_words:words|aux_seg3[2]            ; 1       ;
; disp_words:words|aux_seg3[3]            ; 1       ;
; disp_words:words|aux_seg3[4]            ; 1       ;
; disp_words:words|aux_seg3[5]            ; 1       ;
; disp_words:words|aux_seg3[6]            ; 1       ;
; Total number of inverted registers = 21 ;         ;
+-----------------------------------------+---------+


+-----------------------------------------------------------------------------------+
; Parameter Settings for Inferred Entity Instance: disp_words:words|lpm_divide:Mod0 ;
+------------------------+----------------+-----------------------------------------+
; Parameter Name         ; Value          ; Type                                    ;
+------------------------+----------------+-----------------------------------------+
; LPM_WIDTHN             ; 32             ; Untyped                                 ;
; LPM_WIDTHD             ; 32             ; Untyped                                 ;
; LPM_NREPRESENTATION    ; SIGNED         ; Untyped                                 ;
; LPM_DREPRESENTATION    ; SIGNED         ; Untyped                                 ;
; LPM_PIPELINE           ; 0              ; Untyped                                 ;
; LPM_REMAINDERPOSITIVE  ; FALSE          ; Untyped                                 ;
; MAXIMIZE_SPEED         ; 5              ; Untyped                                 ;
; CBXI_PARAMETER         ; lpm_divide_qlo ; Untyped                                 ;
; CARRY_CHAIN            ; MANUAL         ; Untyped                                 ;
; OPTIMIZE_FOR_SPEED     ; 5              ; Untyped                                 ;
; AUTO_CARRY_CHAINS      ; ON             ; AUTO_CARRY                              ;
; IGNORE_CARRY_BUFFERS   ; OFF            ; IGNORE_CARRY                            ;
; AUTO_CASCADE_CHAINS    ; ON             ; AUTO_CASCADE                            ;
; IGNORE_CASCADE_BUFFERS ; OFF            ; IGNORE_CASCADE                          ;
+------------------------+----------------+-----------------------------------------+
Note: In order to hide this table in the UI and the text report file, please set the "Show Parameter Settings Tables in Synthesis Report" option in "Analysis and Synthesis Settings -> More Settings" to "Off".


+-----------------------------------------------------------------------------------+
; Parameter Settings for Inferred Entity Instance: disp_words:words|lpm_divide:Div0 ;
+------------------------+----------------+-----------------------------------------+
; Parameter Name         ; Value          ; Type                                    ;
+------------------------+----------------+-----------------------------------------+
; LPM_WIDTHN             ; 32             ; Untyped                                 ;
; LPM_WIDTHD             ; 5              ; Untyped                                 ;
; LPM_NREPRESENTATION    ; SIGNED         ; Untyped                                 ;
; LPM_DREPRESENTATION    ; SIGNED         ; Untyped                                 ;
; LPM_PIPELINE           ; 0              ; Untyped                                 ;
; LPM_REMAINDERPOSITIVE  ; FALSE          ; Untyped                                 ;
; MAXIMIZE_SPEED         ; 5              ; Untyped                                 ;
; CBXI_PARAMETER         ; lpm_divide_7so ; Untyped                                 ;
; CARRY_CHAIN            ; MANUAL         ; Untyped                                 ;
; OPTIMIZE_FOR_SPEED     ; 5              ; Untyped                                 ;
; AUTO_CARRY_CHAINS      ; ON             ; AUTO_CARRY                              ;
; IGNORE_CARRY_BUFFERS   ; OFF            ; IGNORE_CARRY                            ;
; AUTO_CASCADE_CHAINS    ; ON             ; AUTO_CASCADE                            ;
; IGNORE_CASCADE_BUFFERS ; OFF            ; IGNORE_CASCADE                          ;
+------------------------+----------------+-----------------------------------------+
Note: In order to hide this table in the UI and the text report file, please set the "Show Parameter Settings Tables in Synthesis Report" option in "Analysis and Synthesis Settings -> More Settings" to "Off".


+-----------------------------------------------------------------------------------+
; Parameter Settings for Inferred Entity Instance: disp_words:words|lpm_divide:Mod1 ;
+------------------------+----------------+-----------------------------------------+
; Parameter Name         ; Value          ; Type                                    ;
+------------------------+----------------+-----------------------------------------+
; LPM_WIDTHN             ; 32             ; Untyped                                 ;
; LPM_WIDTHD             ; 32             ; Untyped                                 ;
; LPM_NREPRESENTATION    ; SIGNED         ; Untyped                                 ;
; LPM_DREPRESENTATION    ; SIGNED         ; Untyped                                 ;
; LPM_PIPELINE           ; 0              ; Untyped                                 ;
; LPM_REMAINDERPOSITIVE  ; FALSE          ; Untyped                                 ;
; MAXIMIZE_SPEED         ; 5              ; Untyped                                 ;
; CBXI_PARAMETER         ; lpm_divide_qlo ; Untyped                                 ;
; CARRY_CHAIN            ; MANUAL         ; Untyped                                 ;
; OPTIMIZE_FOR_SPEED     ; 5              ; Untyped                                 ;
; AUTO_CARRY_CHAINS      ; ON             ; AUTO_CARRY                              ;
; IGNORE_CARRY_BUFFERS   ; OFF            ; IGNORE_CARRY                            ;
; AUTO_CASCADE_CHAINS    ; ON             ; AUTO_CASCADE                            ;
; IGNORE_CASCADE_BUFFERS ; OFF            ; IGNORE_CASCADE                          ;
+------------------------+----------------+-----------------------------------------+
Note: In order to hide this table in the UI and the text report file, please set the "Show Parameter Settings Tables in Synthesis Report" option in "Analysis and Synthesis Settings -> More Settings" to "Off".


+-----------------------------------------------------------------------------------+
; Parameter Settings for Inferred Entity Instance: disp_words:words|lpm_divide:Div1 ;
+------------------------+----------------+-----------------------------------------+
; Parameter Name         ; Value          ; Type                                    ;
+------------------------+----------------+-----------------------------------------+
; LPM_WIDTHN             ; 32             ; Untyped                                 ;
; LPM_WIDTHD             ; 8              ; Untyped                                 ;
; LPM_NREPRESENTATION    ; SIGNED         ; Untyped                                 ;
; LPM_DREPRESENTATION    ; SIGNED         ; Untyped                                 ;
; LPM_PIPELINE           ; 0              ; Untyped                                 ;
; LPM_REMAINDERPOSITIVE  ; FALSE          ; Untyped                                 ;
; MAXIMIZE_SPEED         ; 5              ; Untyped                                 ;
; CBXI_PARAMETER         ; lpm_divide_aso ; Untyped                                 ;
; CARRY_CHAIN            ; MANUAL         ; Untyped                                 ;
; OPTIMIZE_FOR_SPEED     ; 5              ; Untyped                                 ;
; AUTO_CARRY_CHAINS      ; ON             ; AUTO_CARRY                              ;
; IGNORE_CARRY_BUFFERS   ; OFF            ; IGNORE_CARRY                            ;
; AUTO_CASCADE_CHAINS    ; ON             ; AUTO_CASCADE                            ;
; IGNORE_CASCADE_BUFFERS ; OFF            ; IGNORE_CASCADE                          ;
+------------------------+----------------+-----------------------------------------+
Note: In order to hide this table in the UI and the text report file, please set the "Show Parameter Settings Tables in Synthesis Report" option in "Analysis and Synthesis Settings -> More Settings" to "Off".


+-----------------------------------------------------------------------------------+
; Parameter Settings for Inferred Entity Instance: disp_words:words|lpm_divide:Mod2 ;
+------------------------+----------------+-----------------------------------------+
; Parameter Name         ; Value          ; Type                                    ;
+------------------------+----------------+-----------------------------------------+
; LPM_WIDTHN             ; 32             ; Untyped                                 ;
; LPM_WIDTHD             ; 32             ; Untyped                                 ;
; LPM_NREPRESENTATION    ; SIGNED         ; Untyped                                 ;
; LPM_DREPRESENTATION    ; SIGNED         ; Untyped                                 ;
; LPM_PIPELINE           ; 0              ; Untyped                                 ;
; LPM_REMAINDERPOSITIVE  ; FALSE          ; Untyped                                 ;
; MAXIMIZE_SPEED         ; 5              ; Untyped                                 ;
; CBXI_PARAMETER         ; lpm_divide_qlo ; Untyped                                 ;
; CARRY_CHAIN            ; MANUAL         ; Untyped                                 ;
; OPTIMIZE_FOR_SPEED     ; 5              ; Untyped                                 ;
; AUTO_CARRY_CHAINS      ; ON             ; AUTO_CARRY                              ;
; IGNORE_CARRY_BUFFERS   ; OFF            ; IGNORE_CARRY                            ;
; AUTO_CASCADE_CHAINS    ; ON             ; AUTO_CASCADE                            ;
; IGNORE_CASCADE_BUFFERS ; OFF            ; IGNORE_CASCADE                          ;
+------------------------+----------------+-----------------------------------------+
Note: In order to hide this table in the UI and the text report file, please set the "Show Parameter Settings Tables in Synthesis Report" option in "Analysis and Synthesis Settings -> More Settings" to "Off".


+-----------------------------------------------------------------------------------+
; Parameter Settings for Inferred Entity Instance: disp_words:words|lpm_divide:Mod3 ;
+------------------------+----------------+-----------------------------------------+
; Parameter Name         ; Value          ; Type                                    ;
+------------------------+----------------+-----------------------------------------+
; LPM_WIDTHN             ; 32             ; Untyped                                 ;
; LPM_WIDTHD             ; 32             ; Untyped                                 ;
; LPM_NREPRESENTATION    ; SIGNED         ; Untyped                                 ;
; LPM_DREPRESENTATION    ; SIGNED         ; Untyped                                 ;
; LPM_PIPELINE           ; 0              ; Untyped                                 ;
; LPM_REMAINDERPOSITIVE  ; FALSE          ; Untyped                                 ;
; MAXIMIZE_SPEED         ; 5              ; Untyped                                 ;
; CBXI_PARAMETER         ; lpm_divide_qlo ; Untyped                                 ;
; CARRY_CHAIN            ; MANUAL         ; Untyped                                 ;
; OPTIMIZE_FOR_SPEED     ; 5              ; Untyped                                 ;
; AUTO_CARRY_CHAINS      ; ON             ; AUTO_CARRY                              ;
; IGNORE_CARRY_BUFFERS   ; OFF            ; IGNORE_CARRY                            ;
; AUTO_CASCADE_CHAINS    ; ON             ; AUTO_CASCADE                            ;
; IGNORE_CASCADE_BUFFERS ; OFF            ; IGNORE_CASCADE                          ;
+------------------------+----------------+-----------------------------------------+
Note: In order to hide this table in the UI and the text report file, please set the "Show Parameter Settings Tables in Synthesis Report" option in "Analysis and Synthesis Settings -> More Settings" to "Off".


+-----------------------------------------------+
; Port Connectivity Checks: "counter:count"     ;
+-------------+-------+----------+--------------+
; Port        ; Type  ; Severity ; Details      ;
+-------------+-------+----------+--------------+
; rstn        ; Input ; Info     ; Stuck at VCC ;
; en          ; Input ; Info     ; Stuck at VCC ;
; max[22..21] ; Input ; Info     ; Stuck at VCC ;
; max[17..16] ; Input ; Info     ; Stuck at VCC ;
; max[11..9]  ; Input ; Info     ; Stuck at VCC ;
; max[31..23] ; Input ; Info     ; Stuck at GND ;
; max[20..18] ; Input ; Info     ; Stuck at GND ;
; max[15..14] ; Input ; Info     ; Stuck at GND ;
; max[4..0]   ; Input ; Info     ; Stuck at GND ;
; max[13]     ; Input ; Info     ; Stuck at VCC ;
; max[12]     ; Input ; Info     ; Stuck at GND ;
; max[8]      ; Input ; Info     ; Stuck at GND ;
; max[7]      ; Input ; Info     ; Stuck at VCC ;
; max[6]      ; Input ; Info     ; Stuck at GND ;
; max[5]      ; Input ; Info     ; Stuck at VCC ;
+-------------+-------+----------+--------------+


+--------------------------------------------------+
; Port Connectivity Checks: "disp_words:words"     ;
+----------------+-------+----------+--------------+
; Port           ; Type  ; Severity ; Details      ;
+----------------+-------+----------+--------------+
; vidas[31..3]   ; Input ; Info     ; Stuck at GND ;
; pnt[31..8]     ; Input ; Info     ; Stuck at GND ;
; pedras[31..12] ; Input ; Info     ; Stuck at GND ;
; pedras[10..9]  ; Input ; Info     ; Stuck at GND ;
; pedras[7..6]   ; Input ; Info     ; Stuck at GND ;
; pedras[2..1]   ; Input ; Info     ; Stuck at GND ;
; pedras[11]     ; Input ; Info     ; Stuck at VCC ;
; pedras[8]      ; Input ; Info     ; Stuck at VCC ;
; pedras[5]      ; Input ; Info     ; Stuck at VCC ;
; pedras[4]      ; Input ; Info     ; Stuck at GND ;
; pedras[3]      ; Input ; Info     ; Stuck at VCC ;
; pedras[0]      ; Input ; Info     ; Stuck at VCC ;
+----------------+-------+----------+--------------+


+-------------------------------+
; Analysis & Synthesis Messages ;
+-------------------------------+
Info: *******************************************************************
Info: Running Quartus II Analysis & Synthesis
    Info: Version 9.1 Build 304 01/25/2010 Service Pack 1 SJ Web Edition
    Info: Processing started: Thu Jun 10 16:47:03 2010
Info: Command: quartus_map --read_settings_files=on --write_settings_files=off disp -c disp
Info: Found 1 design units, including 1 entities, in source file conv_7seg.bdf
    Info: Found entity 1: conv_7seg
Info: Found 2 design units, including 1 entities, in source file disp.vhd
    Info: Found design unit 1: disp-struct
    Info: Found entity 1: disp
Info: Found 2 design units, including 1 entities, in source file disp_words.vhd
    Info: Found design unit 1: disp_words-struct
    Info: Found entity 1: disp_words
Info: Found 2 design units, including 1 entities, in source file counter.vhd
    Info: Found design unit 1: counter-rtl
    Info: Found entity 1: counter
Info: Elaborating entity "disp" for the top level hierarchy
Info: Elaborating entity "disp_words" for hierarchy "disp_words:words"
Warning (10492): VHDL Process Statement warning at disp_words.vhd(115): signal "alfa_code" is read inside the Process Statement but isn't in the Process Statement's sensitivity list
Info: Elaborating entity "conv_7seg" for hierarchy "disp_words:words|conv_7seg:hexseg0"
Info: Elaborating entity "16dmux" for hierarchy "disp_words:words|conv_7seg:hexseg0|16dmux:inst"
Info: Elaborated megafunction instantiation "disp_words:words|conv_7seg:hexseg0|16dmux:inst"
Info: Elaborating entity "counter" for hierarchy "counter:count"
Info: Inferred 6 megafunctions from design logic
    Info: Inferred divider/modulo megafunction ("lpm_divide") from the following logic: "disp_words:words|Mod0"
    Info: Inferred divider/modulo megafunction ("lpm_divide") from the following logic: "disp_words:words|Div0"
    Info: Inferred divider/modulo megafunction ("lpm_divide") from the following logic: "disp_words:words|Mod1"
    Info: Inferred divider/modulo megafunction ("lpm_divide") from the following logic: "disp_words:words|Div1"
    Info: Inferred divider/modulo megafunction ("lpm_divide") from the following logic: "disp_words:words|Mod2"
    Info: Inferred divider/modulo megafunction ("lpm_divide") from the following logic: "disp_words:words|Mod3"
Info: Elaborated megafunction instantiation "disp_words:words|lpm_divide:Mod0"
Info: Instantiated megafunction "disp_words:words|lpm_divide:Mod0" with the following parameter:
    Info: Parameter "LPM_WIDTHN" = "32"
    Info: Parameter "LPM_WIDTHD" = "32"
    Info: Parameter "LPM_NREPRESENTATION" = "SIGNED"
    Info: Parameter "LPM_DREPRESENTATION" = "SIGNED"
    Info: Parameter "LPM_HINT" = "LPM_REMAINDERPOSITIVE=FALSE"
Info: Found 1 design units, including 1 entities, in source file db/lpm_divide_qlo.tdf
    Info: Found entity 1: lpm_divide_qlo
Info: Found 1 design units, including 1 entities, in source file db/abs_divider_4dg.tdf
    Info: Found entity 1: abs_divider_4dg
Info: Found 1 design units, including 1 entities, in source file db/alt_u_div_k5f.tdf
    Info: Found entity 1: alt_u_div_k5f
Info: Found 1 design units, including 1 entities, in source file db/add_sub_lkc.tdf
    Info: Found entity 1: add_sub_lkc
Info: Found 1 design units, including 1 entities, in source file db/add_sub_mkc.tdf
    Info: Found entity 1: add_sub_mkc
Info: Found 1 design units, including 1 entities, in source file db/lpm_abs_0s9.tdf
    Info: Found entity 1: lpm_abs_0s9
Info: Elaborated megafunction instantiation "disp_words:words|lpm_divide:Div0"
Info: Instantiated megafunction "disp_words:words|lpm_divide:Div0" with the following parameter:
    Info: Parameter "LPM_WIDTHN" = "32"
    Info: Parameter "LPM_WIDTHD" = "5"
    Info: Parameter "LPM_NREPRESENTATION" = "SIGNED"
    Info: Parameter "LPM_DREPRESENTATION" = "SIGNED"
    Info: Parameter "LPM_HINT" = "LPM_REMAINDERPOSITIVE=FALSE"
Info: Found 1 design units, including 1 entities, in source file db/lpm_divide_7so.tdf
    Info: Found entity 1: lpm_divide_7so
Info: Found 1 design units, including 1 entities, in source file db/abs_divider_kbg.tdf
    Info: Found entity 1: abs_divider_kbg
Info: Found 1 design units, including 1 entities, in source file db/alt_u_div_k2f.tdf
    Info: Found entity 1: alt_u_div_k2f
Info: Found 1 design units, including 1 entities, in source file db/lpm_abs_gq9.tdf
    Info: Found entity 1: lpm_abs_gq9
Info: Elaborated megafunction instantiation "disp_words:words|lpm_divide:Mod1"
Info: Instantiated megafunction "disp_words:words|lpm_divide:Mod1" with the following parameter:
    Info: Parameter "LPM_WIDTHN" = "32"
    Info: Parameter "LPM_WIDTHD" = "32"
    Info: Parameter "LPM_NREPRESENTATION" = "SIGNED"
    Info: Parameter "LPM_DREPRESENTATION" = "SIGNED"
    Info: Parameter "LPM_HINT" = "LPM_REMAINDERPOSITIVE=FALSE"
Info: Elaborated megafunction instantiation "disp_words:words|lpm_divide:Div1"
Info: Instantiated megafunction "disp_words:words|lpm_divide:Div1" with the following parameter:
    Info: Parameter "LPM_WIDTHN" = "32"
    Info: Parameter "LPM_WIDTHD" = "8"
    Info: Parameter "LPM_NREPRESENTATION" = "SIGNED"
    Info: Parameter "LPM_DREPRESENTATION" = "SIGNED"
    Info: Parameter "LPM_HINT" = "LPM_REMAINDERPOSITIVE=FALSE"
Info: Found 1 design units, including 1 entities, in source file db/lpm_divide_aso.tdf
    Info: Found entity 1: lpm_divide_aso
Info: Found 1 design units, including 1 entities, in source file db/abs_divider_nbg.tdf
    Info: Found entity 1: abs_divider_nbg
Info: Found 1 design units, including 1 entities, in source file db/alt_u_div_q2f.tdf
    Info: Found entity 1: alt_u_div_q2f
Info: Found 1 design units, including 1 entities, in source file db/lpm_abs_jq9.tdf
    Info: Found entity 1: lpm_abs_jq9
Info: Elaborated megafunction instantiation "disp_words:words|lpm_divide:Mod3"
Info: Instantiated megafunction "disp_words:words|lpm_divide:Mod3" with the following parameter:
    Info: Parameter "LPM_WIDTHN" = "32"
    Info: Parameter "LPM_WIDTHD" = "32"
    Info: Parameter "LPM_NREPRESENTATION" = "SIGNED"
    Info: Parameter "LPM_DREPRESENTATION" = "SIGNED"
    Info: Parameter "LPM_HINT" = "LPM_REMAINDERPOSITIVE=FALSE"
Info: Found the following redundant logic cells in design
    Info (17048): Logic cell "disp_words:words|lpm_divide:Mod1|lpm_divide_qlo:auto_generated|abs_divider_4dg:divider|alt_u_div_k5f:divider|op_23~26"
    Info (17048): Logic cell "disp_words:words|lpm_divide:Mod1|lpm_divide_qlo:auto_generated|abs_divider_4dg:divider|alt_u_div_k5f:divider|op_24~28"
    Info (17048): Logic cell "disp_words:words|lpm_divide:Div1|lpm_divide_aso:auto_generated|abs_divider_nbg:divider|alt_u_div_q2f:divider|add_sub_30_result_int[1]~16"
Warning: Design contains 14 input pin(s) that do not drive logic
    Warning (15610): No output dependent on input pin "PNT[0]"
    Warning (15610): No output dependent on input pin "PNT[1]"
    Warning (15610): No output dependent on input pin "PNT[2]"
    Warning (15610): No output dependent on input pin "PNT[3]"
    Warning (15610): No output dependent on input pin "PNT[4]"
    Warning (15610): No output dependent on input pin "PNT[5]"
    Warning (15610): No output dependent on input pin "PNT[6]"
    Warning (15610): No output dependent on input pin "PNT[7]"
    Warning (15610): No output dependent on input pin "PNT[8]"
    Warning (15610): No output dependent on input pin "PNT[9]"
    Warning (15610): No output dependent on input pin "PNT[10]"
    Warning (15610): No output dependent on input pin "PNT[11]"
    Warning (15610): No output dependent on input pin "PNT[12]"
    Warning (15610): No output dependent on input pin "PNT[13]"
Info: Implemented 505 device resources after synthesis - the final resource count might be different
    Info: Implemented 26 input pins
    Info: Implemented 28 output pins
    Info: Implemented 451 logic cells
Info: Quartus II Analysis & Synthesis was successful. 0 errors, 16 warnings
    Info: Peak virtual memory: 255 megabytes
    Info: Processing ended: Thu Jun 10 16:47:18 2010
    Info: Elapsed time: 00:00:15
    Info: Total CPU time (on all processors): 00:00:15


