Flow report for pacman
Wed May 19 18:20:23 2010
Quartus II Version 9.1 Build 304 01/25/2010 Service Pack 1 SJ Web Edition


---------------------
; Table of Contents ;
---------------------
  1. Legal Notice
  2. Flow Summary
  3. Flow Settings
  4. Flow Non-Default Global Settings
  5. Flow Elapsed Time
  6. Flow OS Summary
  7. Flow Log



----------------
; Legal Notice ;
----------------
Copyright (C) 1991-2010 Altera Corporation
Your use of Altera Corporation's design tools, logic functions 
and other software and tools, and its AMPP partner logic 
functions, and any output files from any of the foregoing 
(including device programming or simulation files), and any 
associated documentation or information are expressly subject 
to the terms and conditions of the Altera Program License 
Subscription Agreement, Altera MegaCore Function License 
Agreement, or other applicable license agreement, including, 
without limitation, that your use is for the sole purpose of 
programming logic devices manufactured by Altera and sold by 
Altera or its authorized distributors.  Please refer to the 
applicable agreement for further details.



+-----------------------------------------------------------------------------------+
; Flow Summary                                                                      ;
+------------------------------------+----------------------------------------------+
; Flow Status                        ; Successful - Wed May 19 18:20:23 2010        ;
; Quartus II Version                 ; 9.1 Build 304 01/25/2010 SP 1 SJ Web Edition ;
; Revision Name                      ; pacman                                       ;
; Top-level Entity Name              ; pacman                                       ;
; Family                             ; Cyclone II                                   ;
; Device                             ; EP2C20F484C7                                 ;
; Timing Models                      ; Final                                        ;
; Met timing requirements            ; Yes                                          ;
; Total logic elements               ; 404 / 18,752 ( 2 % )                         ;
;     Total combinational functions  ; 389 / 18,752 ( 2 % )                         ;
;     Dedicated logic registers      ; 122 / 18,752 ( < 1 % )                       ;
; Total registers                    ; 122                                          ;
; Total pins                         ; 17 / 315 ( 5 % )                             ;
; Total virtual pins                 ; 0                                            ;
; Total memory bits                  ; 36,864 / 239,616 ( 15 % )                    ;
; Embedded Multiplier 9-bit elements ; 0 / 52 ( 0 % )                               ;
; Total PLLs                         ; 1 / 4 ( 25 % )                               ;
+------------------------------------+----------------------------------------------+


+-----------------------------------------+
; Flow Settings                           ;
+-------------------+---------------------+
; Option            ; Setting             ;
+-------------------+---------------------+
; Start date & time ; 05/19/2010 18:20:05 ;
; Main task         ; Compilation         ;
; Revision Name     ; pacman              ;
+-------------------+---------------------+


+----------------------------------------------------------------------------------------------------------------------------------------------------------+
; Flow Non-Default Global Settings                                                                                                                         ;
+------------------------------------+----------------------------------------------------------------------+---------------+-------------+----------------+
; Assignment Name                    ; Value                                                                ; Default Value ; Entity Name ; Section Id     ;
+------------------------------------+----------------------------------------------------------------------+---------------+-------------+----------------+
; COMPILER_SIGNATURE_ID              ; 123494885585.127430400500548                                         ; --            ; --          ; --             ;
; IP_TOOL_NAME                       ; RAM initializer                                                      ; --            ; --          ; --             ;
; IP_TOOL_VERSION                    ; 9.1                                                                  ; --            ; --          ; --             ;
; MAX_CORE_JUNCTION_TEMP             ; 85                                                                   ; --            ; --          ; --             ;
; MIN_CORE_JUNCTION_TEMP             ; 0                                                                    ; --            ; --          ; --             ;
; MISC_FILE                          ; C:/Documents and Settings/marspeople/Desktop/pacman/pacman.dpf       ; --            ; --          ; --             ;
; MISC_FILE                          ; ram_init.bsf                                                         ; --            ; --          ; --             ;
; MISC_FILE                          ; ram_init_inst.vhd                                                    ; --            ; --          ; --             ;
; MISC_FILE                          ; ram_init.inc                                                         ; --            ; --          ; --             ;
; MISC_FILE                          ; ram_init.cmp                                                         ; --            ; --          ; --             ;
; MISC_FILE                          ; C:/Documents and Settings/ra082115/Meus documentos/pacman/pacman.dpf ; --            ; --          ; --             ;
; PARTITION_COLOR                    ; 16764057                                                             ; --            ; --          ; Top            ;
; PARTITION_NETLIST_TYPE             ; SOURCE                                                               ; --            ; --          ; Top            ;
; USE_GENERATED_PHYSICAL_CONSTRAINTS ; Off                                                                  ; --            ; --          ; eda_blast_fpga ;
+------------------------------------+----------------------------------------------------------------------+---------------+-------------+----------------+


+-----------------------------------------------------------------------------------------------------------------------------+
; Flow Elapsed Time                                                                                                           ;
+-------------------------+--------------+-------------------------+---------------------+------------------------------------+
; Module Name             ; Elapsed Time ; Average Processors Used ; Peak Virtual Memory ; Total CPU Time (on all processors) ;
+-------------------------+--------------+-------------------------+---------------------+------------------------------------+
; Analysis & Synthesis    ; 00:00:07     ; 1.0                     ; 279 MB              ; 00:00:06                           ;
; Fitter                  ; 00:00:06     ; 1.0                     ; 208 MB              ; 00:00:06                           ;
; Assembler               ; 00:00:02     ; 1.0                     ; 188 MB              ; 00:00:02                           ;
; Classic Timing Analyzer ; 00:00:01     ; 1.0                     ; 124 MB              ; 00:00:01                           ;
; Total                   ; 00:00:16     ; --                      ; --                  ; 00:00:15                           ;
+-------------------------+--------------+-------------------------+---------------------+------------------------------------+


+---------------------------------------------------------------------------------------+
; Flow OS Summary                                                                       ;
+-------------------------+------------------+------------+------------+----------------+
; Module Name             ; Machine Hostname ; OS Name    ; OS Version ; Processor type ;
+-------------------------+------------------+------------+------------+----------------+
; Analysis & Synthesis    ; colombia         ; Windows XP ; 5.1        ; i686           ;
; Fitter                  ; colombia         ; Windows XP ; 5.1        ; i686           ;
; Assembler               ; colombia         ; Windows XP ; 5.1        ; i686           ;
; Classic Timing Analyzer ; colombia         ; Windows XP ; 5.1        ; i686           ;
+-------------------------+------------------+------------+------------+----------------+


------------
; Flow Log ;
------------
quartus_map --read_settings_files=on --write_settings_files=off pacman -c pacman
quartus_fit --read_settings_files=off --write_settings_files=off pacman -c pacman
quartus_asm --read_settings_files=off --write_settings_files=off pacman -c pacman
quartus_tan --read_settings_files=off --write_settings_files=off pacman -c pacman --timing_analysis_only



