Flow report for rand_dice
Thu May 13 13:56:54 2010
Quartus II Version 9.1 Build 304 01/25/2010 Service Pack 1 SJ Web Edition


---------------------
; Table of Contents ;
---------------------
  1. Legal Notice
  2. Flow Summary
  3. Flow Settings
  4. Flow Non-Default Global Settings
  5. Flow Elapsed Time
  6. Flow OS Summary
  7. Flow Log



----------------
; Legal Notice ;
----------------
Copyright (C) 1991-2010 Altera Corporation
Your use of Altera Corporation's design tools, logic functions 
and other software and tools, and its AMPP partner logic 
functions, and any output files from any of the foregoing 
(including device programming or simulation files), and any 
associated documentation or information are expressly subject 
to the terms and conditions of the Altera Program License 
Subscription Agreement, Altera MegaCore Function License 
Agreement, or other applicable license agreement, including, 
without limitation, that your use is for the sole purpose of 
programming logic devices manufactured by Altera and sold by 
Altera or its authorized distributors.  Please refer to the 
applicable agreement for further details.



+-----------------------------------------------------------------------------------+
; Flow Summary                                                                      ;
+------------------------------------+----------------------------------------------+
; Flow Status                        ; Successful - Thu May 13 13:56:54 2010        ;
; Quartus II Version                 ; 9.1 Build 304 01/25/2010 SP 1 SJ Web Edition ;
; Revision Name                      ; rand_dice                                    ;
; Top-level Entity Name              ; rand_dice                                    ;
; Family                             ; Cyclone II                                   ;
; Device                             ; EP2C20F484C7                                 ;
; Timing Models                      ; Final                                        ;
; Met timing requirements            ; Yes                                          ;
; Total logic elements               ; 13 / 18,752 ( < 1 % )                        ;
;     Total combinational functions  ; 13 / 18,752 ( < 1 % )                        ;
;     Dedicated logic registers      ; 7 / 18,752 ( < 1 % )                         ;
; Total registers                    ; 7                                            ;
; Total pins                         ; 9 / 315 ( 3 % )                              ;
; Total virtual pins                 ; 0                                            ;
; Total memory bits                  ; 0 / 239,616 ( 0 % )                          ;
; Embedded Multiplier 9-bit elements ; 0 / 52 ( 0 % )                               ;
; Total PLLs                         ; 0 / 4 ( 0 % )                                ;
+------------------------------------+----------------------------------------------+


+-----------------------------------------+
; Flow Settings                           ;
+-------------------+---------------------+
; Option            ; Setting             ;
+-------------------+---------------------+
; Start date & time ; 05/13/2010 13:43:57 ;
; Main task         ; Compilation         ;
; Revision Name     ; rand_dice           ;
+-------------------+---------------------+


+-------------------------------------------------------------------------------------------------------------------------------------------------+
; Flow Non-Default Global Settings                                                                                                                ;
+------------------------------------+-------------------------------------------------------------+---------------+-------------+----------------+
; Assignment Name                    ; Value                                                       ; Default Value ; Entity Name ; Section Id     ;
+------------------------------------+-------------------------------------------------------------+---------------+-------------+----------------+
; COMPILER_SIGNATURE_ID              ; 129772612393.127376903600968                                ; --            ; --          ; --             ;
; MAX_CORE_JUNCTION_TEMP             ; 85                                                          ; --            ; --          ; --             ;
; MIN_CORE_JUNCTION_TEMP             ; 0                                                           ; --            ; --          ; --             ;
; MISC_FILE                          ; C:/Users/Tiago/Desktop/mc613/Projetos/Lab5/Q3/rand_dice.dpf ; --            ; --          ; --             ;
; PARTITION_COLOR                    ; 16764057                                                    ; --            ; --          ; Top            ;
; PARTITION_NETLIST_TYPE             ; SOURCE                                                      ; --            ; --          ; Top            ;
; USE_GENERATED_PHYSICAL_CONSTRAINTS ; Off                                                         ; --            ; --          ; eda_blast_fpga ;
+------------------------------------+-------------------------------------------------------------+---------------+-------------+----------------+


+-----------------------------------------------------------------------------------------------------------------------------+
; Flow Elapsed Time                                                                                                           ;
+-------------------------+--------------+-------------------------+---------------------+------------------------------------+
; Module Name             ; Elapsed Time ; Average Processors Used ; Peak Virtual Memory ; Total CPU Time (on all processors) ;
+-------------------------+--------------+-------------------------+---------------------+------------------------------------+
; Analysis & Synthesis    ; 00:00:03     ; 1.0                     ; 211 MB              ; 00:00:04                           ;
; Fitter                  ; 00:00:09     ; 1.0                     ; 237 MB              ; 00:00:09                           ;
; Assembler               ; 00:00:03     ; 1.0                     ; 199 MB              ; 00:00:03                           ;
; Classic Timing Analyzer ; 00:00:01     ; 1.0                     ; 147 MB              ; 00:00:01                           ;
; Classic Timing Analyzer ; 00:00:02     ; 1.0                     ; 164 MB              ; 00:00:02                           ;
; Total                   ; 00:00:18     ; --                      ; --                  ; 00:00:19                           ;
+-------------------------+--------------+-------------------------+---------------------+------------------------------------+


+------------------------------------------------------------------------------------------+
; Flow OS Summary                                                                          ;
+-------------------------+------------------+---------------+------------+----------------+
; Module Name             ; Machine Hostname ; OS Name       ; OS Version ; Processor type ;
+-------------------------+------------------+---------------+------------+----------------+
; Analysis & Synthesis    ; Tiago-PC         ; Windows Vista ; 6.1        ; i686           ;
; Fitter                  ; Tiago-PC         ; Windows Vista ; 6.1        ; i686           ;
; Assembler               ; Tiago-PC         ; Windows Vista ; 6.1        ; i686           ;
; Classic Timing Analyzer ; Tiago-PC         ; Windows Vista ; 6.1        ; i686           ;
; Classic Timing Analyzer ; Tiago-PC         ; Windows Vista ; 6.1        ; i686           ;
+-------------------------+------------------+---------------+------------+----------------+


------------
; Flow Log ;
------------
quartus_map --read_settings_files=on --write_settings_files=off rand_dice -c rand_dice
quartus_fit --read_settings_files=off --write_settings_files=off rand_dice -c rand_dice
quartus_asm --read_settings_files=off --write_settings_files=off rand_dice -c rand_dice
quartus_tan --read_settings_files=off --write_settings_files=off rand_dice -c rand_dice --timing_analysis_only
quartus_tan --read_settings_files=on --write_settings_files=off rand_dice -c rand_dice --speed=7



