Analysis & Synthesis report for kbd_key
Wed May 12 17:30:24 2010
Quartus II Version 9.1 Build 304 01/25/2010 Service Pack 1 SJ Web Edition


---------------------
; Table of Contents ;
---------------------
  1. Legal Notice
  2. Analysis & Synthesis Summary
  3. Analysis & Synthesis Settings
  4. Parallel Compilation
  5. Analysis & Synthesis Source Files Read
  6. Analysis & Synthesis Resource Usage Summary
  7. Analysis & Synthesis Resource Utilization by Entity
  8. State Machine - |kbd_key|kbdex_ctrl:kbd_ctrl|cmdstate
  9. State Machine - |kbd_key|kbdex_ctrl:kbd_ctrl|state
 10. User-Specified and Inferred Latches
 11. Registers Removed During Synthesis
 12. Removed Registers Triggering Further Register Optimizations
 13. General Register Statistics
 14. Inverted Register Statistics
 15. Multiplexer Restructuring Statistics (Restructuring Performed)
 16. Parameter Settings for User Entity Instance: kbdex_ctrl:kbd_ctrl
 17. Parameter Settings for User Entity Instance: kbdex_ctrl:kbd_ctrl|ps2_iobase:ps2_ctrl
 18. Port Connectivity Checks: "kbdex_ctrl:kbd_ctrl"
 19. Analysis & Synthesis Messages



----------------
; Legal Notice ;
----------------
Copyright (C) 1991-2010 Altera Corporation
Your use of Altera Corporation's design tools, logic functions 
and other software and tools, and its AMPP partner logic 
functions, and any output files from any of the foregoing 
(including device programming or simulation files), and any 
associated documentation or information are expressly subject 
to the terms and conditions of the Altera Program License 
Subscription Agreement, Altera MegaCore Function License 
Agreement, or other applicable license agreement, including, 
without limitation, that your use is for the sole purpose of 
programming logic devices manufactured by Altera and sold by 
Altera or its authorized distributors.  Please refer to the 
applicable agreement for further details.



+-----------------------------------------------------------------------------------+
; Analysis & Synthesis Summary                                                      ;
+------------------------------------+----------------------------------------------+
; Analysis & Synthesis Status        ; Successful - Wed May 12 17:30:24 2010        ;
; Quartus II Version                 ; 9.1 Build 304 01/25/2010 SP 1 SJ Web Edition ;
; Revision Name                      ; kbd_key                                      ;
; Top-level Entity Name              ; kbd_key                                      ;
; Family                             ; Cyclone II                                   ;
; Total logic elements               ; 367                                          ;
;     Total combinational functions  ; 305                                          ;
;     Dedicated logic registers      ; 160                                          ;
; Total registers                    ; 160                                          ;
; Total pins                         ; 67                                           ;
; Total virtual pins                 ; 0                                            ;
; Total memory bits                  ; 0                                            ;
; Embedded Multiplier 9-bit elements ; 0                                            ;
; Total PLLs                         ; 0                                            ;
+------------------------------------+----------------------------------------------+


+----------------------------------------------------------------------------------------------------------------------+
; Analysis & Synthesis Settings                                                                                        ;
+----------------------------------------------------------------------------+--------------------+--------------------+
; Option                                                                     ; Setting            ; Default Value      ;
+----------------------------------------------------------------------------+--------------------+--------------------+
; Device                                                                     ; EP2C20F484C7       ;                    ;
; Top-level entity name                                                      ; kbd_key            ; kbd_key            ;
; Family name                                                                ; Cyclone II         ; Stratix II         ;
; Use Generated Physical Constraints File                                    ; Off                ;                    ;
; Use smart compilation                                                      ; Off                ; Off                ;
; Enable parallel Assembler and TimeQuest Timing Analyzer during compilation ; On                 ; On                 ;
; Enable compact report table                                                ; Off                ; Off                ;
; Restructure Multiplexers                                                   ; Auto               ; Auto               ;
; Create Debugging Nodes for IP Cores                                        ; Off                ; Off                ;
; Preserve fewer node names                                                  ; On                 ; On                 ;
; Disable OpenCore Plus hardware evaluation                                  ; Off                ; Off                ;
; Verilog Version                                                            ; Verilog_2001       ; Verilog_2001       ;
; VHDL Version                                                               ; VHDL_1993          ; VHDL_1993          ;
; State Machine Processing                                                   ; Auto               ; Auto               ;
; Safe State Machine                                                         ; Off                ; Off                ;
; Extract Verilog State Machines                                             ; On                 ; On                 ;
; Extract VHDL State Machines                                                ; On                 ; On                 ;
; Ignore Verilog initial constructs                                          ; Off                ; Off                ;
; Iteration limit for constant Verilog loops                                 ; 5000               ; 5000               ;
; Iteration limit for non-constant Verilog loops                             ; 250                ; 250                ;
; Add Pass-Through Logic to Inferred RAMs                                    ; On                 ; On                 ;
; Parallel Synthesis                                                         ; On                 ; On                 ;
; DSP Block Balancing                                                        ; Auto               ; Auto               ;
; NOT Gate Push-Back                                                         ; On                 ; On                 ;
; Power-Up Don't Care                                                        ; On                 ; On                 ;
; Remove Redundant Logic Cells                                               ; Off                ; Off                ;
; Remove Duplicate Registers                                                 ; On                 ; On                 ;
; Ignore CARRY Buffers                                                       ; Off                ; Off                ;
; Ignore CASCADE Buffers                                                     ; Off                ; Off                ;
; Ignore GLOBAL Buffers                                                      ; Off                ; Off                ;
; Ignore ROW GLOBAL Buffers                                                  ; Off                ; Off                ;
; Ignore LCELL Buffers                                                       ; Off                ; Off                ;
; Ignore SOFT Buffers                                                        ; On                 ; On                 ;
; Limit AHDL Integers to 32 Bits                                             ; Off                ; Off                ;
; Optimization Technique                                                     ; Balanced           ; Balanced           ;
; Carry Chain Length                                                         ; 70                 ; 70                 ;
; Auto Carry Chains                                                          ; On                 ; On                 ;
; Auto Open-Drain Pins                                                       ; On                 ; On                 ;
; Perform WYSIWYG Primitive Resynthesis                                      ; Off                ; Off                ;
; Auto ROM Replacement                                                       ; On                 ; On                 ;
; Auto RAM Replacement                                                       ; On                 ; On                 ;
; Auto Shift Register Replacement                                            ; Auto               ; Auto               ;
; Auto Clock Enable Replacement                                              ; On                 ; On                 ;
; Strict RAM Replacement                                                     ; Off                ; Off                ;
; Allow Synchronous Control Signals                                          ; On                 ; On                 ;
; Force Use of Synchronous Clear Signals                                     ; Off                ; Off                ;
; Auto RAM to Logic Cell Conversion                                          ; Off                ; Off                ;
; Auto Resource Sharing                                                      ; Off                ; Off                ;
; Allow Any RAM Size For Recognition                                         ; Off                ; Off                ;
; Allow Any ROM Size For Recognition                                         ; Off                ; Off                ;
; Allow Any Shift Register Size For Recognition                              ; Off                ; Off                ;
; Use LogicLock Constraints during Resource Balancing                        ; On                 ; On                 ;
; Ignore translate_off and synthesis_off directives                          ; Off                ; Off                ;
; Timing-Driven Synthesis                                                    ; Off                ; Off                ;
; Show Parameter Settings Tables in Synthesis Report                         ; On                 ; On                 ;
; Ignore Maximum Fan-Out Assignments                                         ; Off                ; Off                ;
; Synchronization Register Chain Length                                      ; 2                  ; 2                  ;
; PowerPlay Power Optimization                                               ; Normal compilation ; Normal compilation ;
; HDL message level                                                          ; Level2             ; Level2             ;
; Suppress Register Optimization Related Messages                            ; Off                ; Off                ;
; Number of Removed Registers Reported in Synthesis Report                   ; 5000               ; 5000               ;
; Number of Inverted Registers Reported in Synthesis Report                  ; 100                ; 100                ;
; Clock MUX Protection                                                       ; On                 ; On                 ;
; Auto Gated Clock Conversion                                                ; Off                ; Off                ;
; Block Design Naming                                                        ; Auto               ; Auto               ;
; SDC constraint protection                                                  ; Off                ; Off                ;
; Synthesis Effort                                                           ; Auto               ; Auto               ;
; Shift Register Replacement - Allow Asynchronous Clear Signal               ; On                 ; On                 ;
; Analysis & Synthesis Message Level                                         ; Medium             ; Medium             ;
; Disable Register Merging Across Hierarchies                                ; Auto               ; Auto               ;
; Resource Aware Inference For Block RAM                                     ; On                 ; On                 ;
+----------------------------------------------------------------------------+--------------------+--------------------+


Parallel compilation was disabled, but you have multiple processors available. Enable parallel compilation to reduce compilation time.
+-------------------------------------+
; Parallel Compilation                ;
+----------------------------+--------+
; Processors                 ; Number ;
+----------------------------+--------+
; Number detected on machine ; 2      ;
; Maximum allowed            ; 1      ;
+----------------------------+--------+


+-------------------------------------------------------------------------------------------------------------------------------------------------+
; Analysis & Synthesis Source Files Read                                                                                                          ;
+----------------------------------+-----------------+-----------------+--------------------------------------------------------------------------+
; File Name with User-Entered Path ; Used in Netlist ; File Type       ; File Name with Absolute Path                                             ;
+----------------------------------+-----------------+-----------------+--------------------------------------------------------------------------+
; buff.vhd                         ; yes             ; User VHDL File  ; C:/Users/Tiago/Desktop/mc613/Projetos/Lab5/Q5/Q5_C/buff.vhd              ;
; ../componentes/kbdex_ctrl.vhd    ; yes             ; User VHDL File  ; C:/Users/Tiago/Desktop/mc613/Projetos/Lab5/Q5/componentes/kbdex_ctrl.vhd ;
; ../componentes/ps2_iobase.vhd    ; yes             ; User VHDL File  ; C:/Users/Tiago/Desktop/mc613/Projetos/Lab5/Q5/componentes/ps2_iobase.vhd ;
; alfa_char.vhd                    ; yes             ; User VHDL File  ; C:/Users/Tiago/Desktop/mc613/Projetos/Lab5/Q5/Q5_C/alfa_char.vhd         ;
; kbd_key.vhd                      ; yes             ; User VHDL File  ; C:/Users/Tiago/Desktop/mc613/Projetos/Lab5/Q5/Q5_C/kbd_key.vhd           ;
; disp_rool.vhd                    ; yes             ; User VHDL File  ; C:/Users/Tiago/Desktop/mc613/Projetos/Lab5/Q5/Q5_C/disp_rool.vhd         ;
+----------------------------------+-----------------+-----------------+--------------------------------------------------------------------------+


+-----------------------------------------------------------+
; Analysis & Synthesis Resource Usage Summary               ;
+---------------------------------------------+-------------+
; Resource                                    ; Usage       ;
+---------------------------------------------+-------------+
; Estimated Total logic elements              ; 367         ;
;                                             ;             ;
; Total combinational functions               ; 305         ;
; Logic element usage by number of LUT inputs ;             ;
;     -- 4 input functions                    ; 151         ;
;     -- 3 input functions                    ; 60          ;
;     -- <=2 input functions                  ; 94          ;
;                                             ;             ;
; Logic elements by mode                      ;             ;
;     -- normal mode                          ; 263         ;
;     -- arithmetic mode                      ; 42          ;
;                                             ;             ;
; Total registers                             ; 160         ;
;     -- Dedicated logic registers            ; 160         ;
;     -- I/O registers                        ; 0           ;
;                                             ;             ;
; I/O pins                                    ; 67          ;
; Maximum fan-out node                        ; CLOCK_24[0] ;
; Maximum fan-out                             ; 108         ;
; Total fan-out                               ; 1578        ;
; Average fan-out                             ; 2.97        ;
+---------------------------------------------+-------------+


+-----------------------------------------------------------------------------------------------------------------------------------------------------------------------------------------------------------+
; Analysis & Synthesis Resource Utilization by Entity                                                                                                                                                       ;
+-----------------------------+-------------------+--------------+-------------+--------------+---------+-----------+------+--------------+--------------------------------------------------+--------------+
; Compilation Hierarchy Node  ; LC Combinationals ; LC Registers ; Memory Bits ; DSP Elements ; DSP 9x9 ; DSP 18x18 ; Pins ; Virtual Pins ; Full Hierarchy Name                              ; Library Name ;
+-----------------------------+-------------------+--------------+-------------+--------------+---------+-----------+------+--------------+--------------------------------------------------+--------------+
; |kbd_key                    ; 305 (0)           ; 160 (0)      ; 0           ; 0            ; 0       ; 0         ; 67   ; 0            ; |kbd_key                                         ; work         ;
;    |alfa_char:code|         ; 70 (70)           ; 0 (0)        ; 0           ; 0            ; 0       ; 0         ; 0    ; 0            ; |kbd_key|alfa_char:code                          ;              ;
;    |disp_roll:display|      ; 1 (0)             ; 29 (28)      ; 0           ; 0            ; 0       ; 0         ; 0    ; 0            ; |kbd_key|disp_roll:display                       ;              ;
;       |buff:bf|             ; 1 (1)             ; 1 (1)        ; 0           ; 0            ; 0       ; 0         ; 0    ; 0            ; |kbd_key|disp_roll:display|buff:bf               ;              ;
;    |kbdex_ctrl:kbd_ctrl|    ; 234 (98)          ; 131 (57)     ; 0           ; 0            ; 0       ; 0         ; 0    ; 0            ; |kbd_key|kbdex_ctrl:kbd_ctrl                     ;              ;
;       |ps2_iobase:ps2_ctrl| ; 136 (136)         ; 74 (74)      ; 0           ; 0            ; 0       ; 0         ; 0    ; 0            ; |kbd_key|kbdex_ctrl:kbd_ctrl|ps2_iobase:ps2_ctrl ;              ;
+-----------------------------+-------------------+--------------+-------------+--------------+---------+-----------+------+--------------+--------------------------------------------------+--------------+
Note: For table entries with two numbers listed, the numbers in parentheses indicate the number of resources of the given type used by the specific entity alone. The numbers listed outside of parentheses indicate the total resources of the given type used by the specific entity and all of its sub-entities in the hierarchy.


Encoding Type:  One-Hot
+------------------------------------------------------------------------------------------------------------------------------------------------------+
; State Machine - |kbd_key|kbdex_ctrl:kbd_ctrl|cmdstate                                                                                                ;
+--------------------+----------------+-------------------+------------------+--------------------+------------------+---------------+-----------------+
; Name               ; cmdstate.CLEAR ; cmdstate.WAITACK1 ; cmdstate.SENDVAL ; cmdstate.SETLIGHTS ; cmdstate.WAITACK ; cmdstate.SEND ; cmdstate.SETCMD ;
+--------------------+----------------+-------------------+------------------+--------------------+------------------+---------------+-----------------+
; cmdstate.SETCMD    ; 0              ; 0                 ; 0                ; 0                  ; 0                ; 0             ; 0               ;
; cmdstate.SEND      ; 0              ; 0                 ; 0                ; 0                  ; 0                ; 1             ; 1               ;
; cmdstate.WAITACK   ; 0              ; 0                 ; 0                ; 0                  ; 1                ; 0             ; 1               ;
; cmdstate.SETLIGHTS ; 0              ; 0                 ; 0                ; 1                  ; 0                ; 0             ; 1               ;
; cmdstate.SENDVAL   ; 0              ; 0                 ; 1                ; 0                  ; 0                ; 0             ; 1               ;
; cmdstate.WAITACK1  ; 0              ; 1                 ; 0                ; 0                  ; 0                ; 0             ; 1               ;
; cmdstate.CLEAR     ; 1              ; 0                 ; 0                ; 0                  ; 0                ; 0             ; 1               ;
+--------------------+----------------+-------------------+------------------+--------------------+------------------+---------------+-----------------+


Encoding Type:  One-Hot
+------------------------------------------------------------------------------------------------------------------------------+
; State Machine - |kbd_key|kbdex_ctrl:kbd_ctrl|state                                                                           ;
+---------------+-------------+------------+------------+---------------+------------+--------------+-------------+------------+
; Name          ; state.CLRDP ; state.EXT1 ; state.EXT0 ; state.RELEASE ; state.CODE ; state.DECODE ; state.FETCH ; state.IDLE ;
+---------------+-------------+------------+------------+---------------+------------+--------------+-------------+------------+
; state.IDLE    ; 0           ; 0          ; 0          ; 0             ; 0          ; 0            ; 0           ; 0          ;
; state.FETCH   ; 0           ; 0          ; 0          ; 0             ; 0          ; 0            ; 1           ; 1          ;
; state.DECODE  ; 0           ; 0          ; 0          ; 0             ; 0          ; 1            ; 0           ; 1          ;
; state.CODE    ; 0           ; 0          ; 0          ; 0             ; 1          ; 0            ; 0           ; 1          ;
; state.RELEASE ; 0           ; 0          ; 0          ; 1             ; 0          ; 0            ; 0           ; 1          ;
; state.EXT0    ; 0           ; 0          ; 1          ; 0             ; 0          ; 0            ; 0           ; 1          ;
; state.EXT1    ; 0           ; 1          ; 0          ; 0             ; 0          ; 0            ; 0           ; 1          ;
; state.CLRDP   ; 1           ; 0          ; 0          ; 0             ; 0          ; 0            ; 0           ; 1          ;
+---------------+-------------+------------+------------+---------------+------------+--------------+-------------+------------+


+---------------------------------------------------------------------------------------------------+
; User-Specified and Inferred Latches                                                               ;
+----------------------------------------------------+---------------------+------------------------+
; Latch Name                                         ; Latch Enable Signal ; Free of Timing Hazards ;
+----------------------------------------------------+---------------------+------------------------+
; kbdex_ctrl:kbd_ctrl|selbt                          ; GND                 ; yes                    ;
; kbdex_ctrl:kbd_ctrl|relbt                          ; GND                 ; yes                    ;
; kbdex_ctrl:kbd_ctrl|selE0                          ; GND                 ; yes                    ;
; Number of user-specified and inferred latches = 3  ;                     ;                        ;
+----------------------------------------------------+---------------------+------------------------+
Note: All latches listed above may not be present at the end of synthesis due to various synthesis optimizations.


+------------------------------------------------------------------------------------------------------------------------+
; Registers Removed During Synthesis                                                                                     ;
+-------------------------------------------------------+----------------------------------------------------------------+
; Register name                                         ; Reason for Removal                                             ;
+-------------------------------------------------------+----------------------------------------------------------------+
; kbdex_ctrl:kbd_ctrl|key2code[8..12]                   ; Stuck at GND due to stuck port data_in                         ;
; kbdex_ctrl:kbd_ctrl|hdata[4]                          ; Stuck at GND due to stuck port data_in                         ;
; kbdex_ctrl:kbd_ctrl|key1code[8..12]                   ; Stuck at GND due to stuck port data_in                         ;
; kbdex_ctrl:kbd_ctrl|key0code[8..12]                   ; Stuck at GND due to stuck port data_in                         ;
; kbdex_ctrl:kbd_ctrl|ps2_iobase:ps2_ctrl|hdata[4]      ; Stuck at GND due to stuck port data_in                         ;
; kbdex_ctrl:kbd_ctrl|ps2_iobase:ps2_ctrl|ps2_clk~reg0  ; Stuck at GND due to stuck port data_in                         ;
; kbdex_ctrl:kbd_ctrl|key2code[14..15]                  ; Merged with kbdex_ctrl:kbd_ctrl|key2code[13]                   ;
; kbdex_ctrl:kbd_ctrl|key1code[14..15]                  ; Merged with kbdex_ctrl:kbd_ctrl|key1code[13]                   ;
; kbdex_ctrl:kbd_ctrl|key0code[14..15]                  ; Merged with kbdex_ctrl:kbd_ctrl|key0code[13]                   ;
; kbdex_ctrl:kbd_ctrl|laststate[0..2]                   ; Stuck at GND due to stuck port data_in                         ;
; kbdex_ctrl:kbd_ctrl|siguplights                       ; Stuck at GND due to stuck port data_in                         ;
; kbdex_ctrl:kbd_ctrl|hdata[2]                          ; Stuck at VCC due to stuck port data_in                         ;
; kbdex_ctrl:kbd_ctrl|hdata[1]                          ; Stuck at GND due to stuck port data_in                         ;
; kbdex_ctrl:kbd_ctrl|hdata[0]                          ; Stuck at VCC due to stuck port data_in                         ;
; kbdex_ctrl:kbd_ctrl|ps2_iobase:ps2_ctrl|hdata[1]      ; Stuck at GND due to stuck port data_in                         ;
; kbdex_ctrl:kbd_ctrl|ps2_iobase:ps2_ctrl|hdata[0]      ; Merged with kbdex_ctrl:kbd_ctrl|ps2_iobase:ps2_ctrl|hdata[2]   ;
; kbdex_ctrl:kbd_ctrl|ps2_iobase:ps2_ctrl|hdata[2]      ; Merged with kbdex_ctrl:kbd_ctrl|ps2_iobase:ps2_ctrl|sigsending ;
; kbdex_ctrl:kbd_ctrl|hdata[3,5..6]                     ; Merged with kbdex_ctrl:kbd_ctrl|hdata[7]                       ;
; kbdex_ctrl:kbd_ctrl|ps2_iobase:ps2_ctrl|hdata[3,5..6] ; Merged with kbdex_ctrl:kbd_ctrl|ps2_iobase:ps2_ctrl|hdata[7]   ;
; Total Number of Removed Registers = 40                ;                                                                ;
+-------------------------------------------------------+----------------------------------------------------------------+


+-------------------------------------------------------------------------------------------------------------+
; Removed Registers Triggering Further Register Optimizations                                                 ;
+------------------------------+---------------------------+--------------------------------------------------+
; Register name                ; Reason for Removal        ; Registers Removed due to This Register           ;
+------------------------------+---------------------------+--------------------------------------------------+
; kbdex_ctrl:kbd_ctrl|hdata[4] ; Stuck at GND              ; kbdex_ctrl:kbd_ctrl|ps2_iobase:ps2_ctrl|hdata[4] ;
;                              ; due to stuck port data_in ;                                                  ;
; kbdex_ctrl:kbd_ctrl|hdata[1] ; Stuck at GND              ; kbdex_ctrl:kbd_ctrl|ps2_iobase:ps2_ctrl|hdata[1] ;
;                              ; due to stuck port data_in ;                                                  ;
+------------------------------+---------------------------+--------------------------------------------------+


+------------------------------------------------------+
; General Register Statistics                          ;
+----------------------------------------------+-------+
; Statistic                                    ; Value ;
+----------------------------------------------+-------+
; Total registers                              ; 160   ;
; Number of registers using Synchronous Clear  ; 0     ;
; Number of registers using Synchronous Load   ; 0     ;
; Number of registers using Asynchronous Clear ; 130   ;
; Number of registers using Asynchronous Load  ; 0     ;
; Number of registers using Clock Enable       ; 129   ;
; Number of registers using Preset             ; 0     ;
+----------------------------------------------+-------+


+------------------------------------------------------------------+
; Inverted Register Statistics                                     ;
+--------------------------------------------------------+---------+
; Inverted Register                                      ; Fan out ;
+--------------------------------------------------------+---------+
; disp_roll:display|key0[0]                              ; 2       ;
; disp_roll:display|key0[1]                              ; 2       ;
; disp_roll:display|key0[2]                              ; 2       ;
; disp_roll:display|key0[3]                              ; 2       ;
; disp_roll:display|key0[4]                              ; 2       ;
; disp_roll:display|key0[5]                              ; 2       ;
; disp_roll:display|key0[6]                              ; 2       ;
; disp_roll:display|key1[0]                              ; 2       ;
; disp_roll:display|key1[1]                              ; 2       ;
; disp_roll:display|key1[2]                              ; 2       ;
; disp_roll:display|key1[3]                              ; 2       ;
; disp_roll:display|key1[4]                              ; 2       ;
; disp_roll:display|key1[5]                              ; 2       ;
; disp_roll:display|key1[6]                              ; 2       ;
; disp_roll:display|key2[0]                              ; 2       ;
; disp_roll:display|key2[1]                              ; 2       ;
; disp_roll:display|key2[2]                              ; 2       ;
; disp_roll:display|key2[3]                              ; 2       ;
; disp_roll:display|key2[4]                              ; 2       ;
; disp_roll:display|key2[5]                              ; 2       ;
; disp_roll:display|key2[6]                              ; 2       ;
; disp_roll:display|key3[0]                              ; 1       ;
; disp_roll:display|key3[1]                              ; 1       ;
; disp_roll:display|key3[2]                              ; 1       ;
; disp_roll:display|key3[3]                              ; 1       ;
; disp_roll:display|key3[4]                              ; 1       ;
; disp_roll:display|key3[5]                              ; 1       ;
; disp_roll:display|key3[6]                              ; 1       ;
; kbdex_ctrl:kbd_ctrl|sigsending                         ; 2       ;
; kbdex_ctrl:kbd_ctrl|ps2_iobase:ps2_ctrl|sigclkreleased ; 2       ;
; Total number of inverted registers = 30                ;         ;
+--------------------------------------------------------+---------+


+--------------------------------------------------------------------------------------------------------------------------------------------------------------------------+
; Multiplexer Restructuring Statistics (Restructuring Performed)                                                                                                           ;
+--------------------+-----------+---------------+----------------------+------------------------+------------+------------------------------------------------------------+
; Multiplexer Inputs ; Bus Width ; Baseline Area ; Area if Restructured ; Saving if Restructured ; Registered ; Example Multiplexer Output                                 ;
+--------------------+-----------+---------------+----------------------+------------------------+------------+------------------------------------------------------------+
; 3:1                ; 12 bits   ; 24 LEs        ; 0 LEs                ; 24 LEs                 ; Yes        ; |kbd_key|kbdex_ctrl:kbd_ctrl|ps2_iobase:ps2_ctrl|count[11] ;
; 5:1                ; 2 bits    ; 6 LEs         ; 4 LEs                ; 2 LEs                  ; No         ; |kbd_key|kbdex_ctrl:kbd_ctrl|state.CODE                    ;
; 7:1                ; 2 bits    ; 8 LEs         ; 4 LEs                ; 4 LEs                  ; No         ; |kbd_key|kbdex_ctrl:kbd_ctrl|Selector13                    ;
; 8:1                ; 2 bits    ; 10 LEs        ; 6 LEs                ; 4 LEs                  ; No         ; |kbd_key|kbdex_ctrl:kbd_ctrl|Selector12                    ;
+--------------------+-----------+---------------+----------------------+------------------------+------------+------------------------------------------------------------+


+------------------------------------------------------------------+
; Parameter Settings for User Entity Instance: kbdex_ctrl:kbd_ctrl ;
+----------------+-------+-----------------------------------------+
; Parameter Name ; Value ; Type                                    ;
+----------------+-------+-----------------------------------------+
; clkfreq        ; 24000 ; Signed Integer                          ;
+----------------+-------+-----------------------------------------+
Note: In order to hide this table in the UI and the text report file, please set the "Show Parameter Settings Tables in Synthesis Report" option in "Analysis and Synthesis Settings -> More Settings" to "Off".


+--------------------------------------------------------------------------------------+
; Parameter Settings for User Entity Instance: kbdex_ctrl:kbd_ctrl|ps2_iobase:ps2_ctrl ;
+----------------+-------+-------------------------------------------------------------+
; Parameter Name ; Value ; Type                                                        ;
+----------------+-------+-------------------------------------------------------------+
; clkfreq        ; 24000 ; Signed Integer                                              ;
+----------------+-------+-------------------------------------------------------------+
Note: In order to hide this table in the UI and the text report file, please set the "Show Parameter Settings Tables in Synthesis Report" option in "Analysis and Synthesis Settings -> More Settings" to "Off".


+----------------------------------------------------------------------------------------------------------------------------+
; Port Connectivity Checks: "kbdex_ctrl:kbd_ctrl"                                                                            ;
+------------------+--------+----------+-------------------------------------------------------------------------------------+
; Port             ; Type   ; Severity ; Details                                                                             ;
+------------------+--------+----------+-------------------------------------------------------------------------------------+
; key_code[47..16] ; Output ; Info     ; Connected to dangling logic. Logic that only feeds a dangling port will be removed. ;
+------------------+--------+----------+-------------------------------------------------------------------------------------+


+-------------------------------+
; Analysis & Synthesis Messages ;
+-------------------------------+
Info: *******************************************************************
Info: Running Quartus II Analysis & Synthesis
    Info: Version 9.1 Build 304 01/25/2010 Service Pack 1 SJ Web Edition
    Info: Processing started: Wed May 12 17:30:18 2010
Info: Command: quartus_map --read_settings_files=on --write_settings_files=off kbd_key -c kbd_key
Info: Found 2 design units, including 1 entities, in source file buff.vhd
    Info: Found design unit 1: buff-rtl
    Info: Found entity 1: buff
Info: Found 1 design units, including 1 entities, in source file /users/tiago/desktop/mc613/projetos/lab5/q5/componentes/conv_7seg.bdf
    Info: Found entity 1: conv_7seg
Info: Found 2 design units, including 1 entities, in source file /users/tiago/desktop/mc613/projetos/lab5/q5/componentes/kbdex_ctrl.vhd
    Info: Found design unit 1: kbdex_ctrl-rtl
    Info: Found entity 1: kbdex_ctrl
Info: Found 2 design units, including 1 entities, in source file /users/tiago/desktop/mc613/projetos/lab5/q5/componentes/ps2_iobase.vhd
    Info: Found design unit 1: ps2_iobase-rtl
    Info: Found entity 1: ps2_iobase
Info: Found 2 design units, including 1 entities, in source file alfa_char.vhd
    Info: Found design unit 1: alfa_char-rtl
    Info: Found entity 1: alfa_char
Info: Found 2 design units, including 1 entities, in source file kbd_key.vhd
    Info: Found design unit 1: kbd_key-struct
    Info: Found entity 1: kbd_key
Info: Found 2 design units, including 1 entities, in source file disp_rool.vhd
    Info: Found design unit 1: disp_roll-rtl
    Info: Found entity 1: disp_roll
Info: Elaborating entity "kbd_key" for the top level hierarchy
Warning (10541): VHDL Signal Declaration warning at kbd_key.vhd(27): used implicit default value for signal "LEDR" because signal was never assigned a value or an explicit default value. Use of implicit default value may introduce unintended design optimizations.
Warning (10036): Verilog HDL or VHDL warning at kbd_key.vhd(65): object "CLOCKHZ" assigned a value but never read
Warning (10541): VHDL Signal Declaration warning at kbd_key.vhd(69): used implicit default value for signal "lights" because signal was never assigned a value or an explicit default value. Use of implicit default value may introduce unintended design optimizations.
Critical Warning (10920): VHDL Incomplete Partial Association warning at kbd_key.vhd(84): port or argument "key_code" has 32/48 unassociated elements
Warning (10873): Using initial value X (don't care) for net "LEDG[4..0]" at kbd_key.vhd(26)
Info: Elaborating entity "alfa_char" for hierarchy "alfa_char:code"
Info: Elaborating entity "disp_roll" for hierarchy "disp_roll:display"
Info: Elaborating entity "buff" for hierarchy "disp_roll:display|buff:bf"
Info: Elaborating entity "kbdex_ctrl" for hierarchy "kbdex_ctrl:kbd_ctrl"
Warning (10492): VHDL Process Statement warning at kbdex_ctrl.vhd(125): signal "en" is read inside the Process Statement but isn't in the Process Statement's sensitivity list
Warning (10492): VHDL Process Statement warning at kbdex_ctrl.vhd(148): signal "fetchdata" is read inside the Process Statement but isn't in the Process Statement's sensitivity list
Warning (10492): VHDL Process Statement warning at kbdex_ctrl.vhd(150): signal "fetchdata" is read inside the Process Statement but isn't in the Process Statement's sensitivity list
Warning (10492): VHDL Process Statement warning at kbdex_ctrl.vhd(152): signal "fetchdata" is read inside the Process Statement but isn't in the Process Statement's sensitivity list
Warning (10492): VHDL Process Statement warning at kbdex_ctrl.vhd(203): signal "sigfetch" is read inside the Process Statement but isn't in the Process Statement's sensitivity list
Warning (10631): VHDL Process Statement warning at kbdex_ctrl.vhd(212): inferring latch(es) for signal or variable "selE0", which holds its previous value in one or more paths through the process
Warning (10492): VHDL Process Statement warning at kbdex_ctrl.vhd(237): signal "key0en" is read inside the Process Statement but isn't in the Process Statement's sensitivity list
Warning (10492): VHDL Process Statement warning at kbdex_ctrl.vhd(247): signal "key1en" is read inside the Process Statement but isn't in the Process Statement's sensitivity list
Warning (10492): VHDL Process Statement warning at kbdex_ctrl.vhd(257): signal "key2en" is read inside the Process Statement but isn't in the Process Statement's sensitivity list
Warning (10631): VHDL Process Statement warning at kbdex_ctrl.vhd(266): inferring latch(es) for signal or variable "relbt", which holds its previous value in one or more paths through the process
Warning (10631): VHDL Process Statement warning at kbdex_ctrl.vhd(276): inferring latch(es) for signal or variable "selbt", which holds its previous value in one or more paths through the process
Warning (10492): VHDL Process Statement warning at kbdex_ctrl.vhd(293): signal "datacode" is read inside the Process Statement but isn't in the Process Statement's sensitivity list
Warning (10492): VHDL Process Statement warning at kbdex_ctrl.vhd(293): signal "key0code" is read inside the Process Statement but isn't in the Process Statement's sensitivity list
Warning (10492): VHDL Process Statement warning at kbdex_ctrl.vhd(293): signal "key1code" is read inside the Process Statement but isn't in the Process Statement's sensitivity list
Warning (10492): VHDL Process Statement warning at kbdex_ctrl.vhd(294): signal "datacode" is read inside the Process Statement but isn't in the Process Statement's sensitivity list
Warning (10492): VHDL Process Statement warning at kbdex_ctrl.vhd(294): signal "key2code" is read inside the Process Statement but isn't in the Process Statement's sensitivity list
Warning (10492): VHDL Process Statement warning at kbdex_ctrl.vhd(295): signal "key0code" is read inside the Process Statement but isn't in the Process Statement's sensitivity list
Warning (10492): VHDL Process Statement warning at kbdex_ctrl.vhd(297): signal "key1code" is read inside the Process Statement but isn't in the Process Statement's sensitivity list
Warning (10492): VHDL Process Statement warning at kbdex_ctrl.vhd(299): signal "key2code" is read inside the Process Statement but isn't in the Process Statement's sensitivity list
Warning (10492): VHDL Process Statement warning at kbdex_ctrl.vhd(306): signal "datacode" is read inside the Process Statement but isn't in the Process Statement's sensitivity list
Warning (10492): VHDL Process Statement warning at kbdex_ctrl.vhd(307): signal "key0code" is read inside the Process Statement but isn't in the Process Statement's sensitivity list
Warning (10492): VHDL Process Statement warning at kbdex_ctrl.vhd(309): signal "key1code" is read inside the Process Statement but isn't in the Process Statement's sensitivity list
Warning (10492): VHDL Process Statement warning at kbdex_ctrl.vhd(311): signal "key2code" is read inside the Process Statement but isn't in the Process Statement's sensitivity list
Warning (10492): VHDL Process Statement warning at kbdex_ctrl.vhd(314): signal "datacode" is read inside the Process Statement but isn't in the Process Statement's sensitivity list
Warning (10492): VHDL Process Statement warning at kbdex_ctrl.vhd(315): signal "key0code" is read inside the Process Statement but isn't in the Process Statement's sensitivity list
Warning (10492): VHDL Process Statement warning at kbdex_ctrl.vhd(317): signal "key1code" is read inside the Process Statement but isn't in the Process Statement's sensitivity list
Warning (10492): VHDL Process Statement warning at kbdex_ctrl.vhd(319): signal "key2code" is read inside the Process Statement but isn't in the Process Statement's sensitivity list
Warning (10492): VHDL Process Statement warning at kbdex_ctrl.vhd(324): signal "key0code" is read inside the Process Statement but isn't in the Process Statement's sensitivity list
Warning (10492): VHDL Process Statement warning at kbdex_ctrl.vhd(324): signal "datacode" is read inside the Process Statement but isn't in the Process Statement's sensitivity list
Warning (10492): VHDL Process Statement warning at kbdex_ctrl.vhd(326): signal "key1code" is read inside the Process Statement but isn't in the Process Statement's sensitivity list
Warning (10492): VHDL Process Statement warning at kbdex_ctrl.vhd(326): signal "datacode" is read inside the Process Statement but isn't in the Process Statement's sensitivity list
Warning (10492): VHDL Process Statement warning at kbdex_ctrl.vhd(328): signal "key2code" is read inside the Process Statement but isn't in the Process Statement's sensitivity list
Warning (10492): VHDL Process Statement warning at kbdex_ctrl.vhd(328): signal "datacode" is read inside the Process Statement but isn't in the Process Statement's sensitivity list
Info (10041): Inferred latch for "selbt" at kbdex_ctrl.vhd(276)
Info (10041): Inferred latch for "relbt" at kbdex_ctrl.vhd(266)
Info (10041): Inferred latch for "selE0" at kbdex_ctrl.vhd(212)
Info: Elaborating entity "ps2_iobase" for hierarchy "kbdex_ctrl:kbd_ctrl|ps2_iobase:ps2_ctrl"
Warning (10492): VHDL Process Statement warning at ps2_iobase.vhd(161): signal "sigsending" is read inside the Process Statement but isn't in the Process Statement's sensitivity list
Info: Registers with preset signals will power-up high
Info: DEV_CLRn pin will set, and not reset, register with preset signal due to NOT Gate Push-Back
Warning: Presettable and clearable registers converted to equivalent circuits with latches. Registers power-up to an undefined state, and DEVCLRn places the registers in an undefined state.
    Warning (13310): Register "kbdex_ctrl:kbd_ctrl|ps2_iobase:ps2_ctrl|ps2_data~en" is converted into an equivalent circuit using register "kbdex_ctrl:kbd_ctrl|ps2_iobase:ps2_ctrl|ps2_data~en_emulated" and latch "kbdex_ctrl:kbd_ctrl|ps2_iobase:ps2_ctrl|ps2_data~enlatch"
    Warning (13310): Register "kbdex_ctrl:kbd_ctrl|ps2_iobase:ps2_ctrl|send_rdy" is converted into an equivalent circuit using register "kbdex_ctrl:kbd_ctrl|ps2_iobase:ps2_ctrl|send_rdy~_emulated" and latch "kbdex_ctrl:kbd_ctrl|ps2_iobase:ps2_ctrl|send_rdy~latch"
Warning: Output pins are stuck at VCC or GND
    Warning (13410): Pin "LEDG[0]" is stuck at GND
    Warning (13410): Pin "LEDG[1]" is stuck at GND
    Warning (13410): Pin "LEDG[2]" is stuck at GND
    Warning (13410): Pin "LEDG[3]" is stuck at GND
    Warning (13410): Pin "LEDG[4]" is stuck at GND
    Warning (13410): Pin "LEDR[0]" is stuck at GND
    Warning (13410): Pin "LEDR[1]" is stuck at GND
    Warning (13410): Pin "LEDR[2]" is stuck at GND
    Warning (13410): Pin "LEDR[3]" is stuck at GND
    Warning (13410): Pin "LEDR[4]" is stuck at GND
    Warning (13410): Pin "LEDR[5]" is stuck at GND
    Warning (13410): Pin "LEDR[6]" is stuck at GND
    Warning (13410): Pin "LEDR[7]" is stuck at GND
    Warning (13410): Pin "LEDR[8]" is stuck at GND
    Warning (13410): Pin "LEDR[9]" is stuck at GND
Critical Warning: Ignored Power-Up Level option on the following registers
    Critical Warning (18010): Register kbdex_ctrl:kbd_ctrl|ps2_iobase:ps2_ctrl|rcount[7] will power up to Low
    Critical Warning (18010): Register kbdex_ctrl:kbd_ctrl|ps2_iobase:ps2_ctrl|rcount[5] will power up to Low
    Critical Warning (18010): Register kbdex_ctrl:kbd_ctrl|ps2_iobase:ps2_ctrl|fcount[7] will power up to Low
    Critical Warning (18010): Register kbdex_ctrl:kbd_ctrl|ps2_iobase:ps2_ctrl|fcount[5] will power up to Low
Warning: Design contains 15 input pin(s) that do not drive logic
    Warning (15610): No output dependent on input pin "CLOCK_24[1]"
    Warning (15610): No output dependent on input pin "CLOCK_27[1]"
    Warning (15610): No output dependent on input pin "CLOCK_50"
    Warning (15610): No output dependent on input pin "KEY[2]"
    Warning (15610): No output dependent on input pin "KEY[3]"
    Warning (15610): No output dependent on input pin "SW[0]"
    Warning (15610): No output dependent on input pin "SW[1]"
    Warning (15610): No output dependent on input pin "SW[2]"
    Warning (15610): No output dependent on input pin "SW[3]"
    Warning (15610): No output dependent on input pin "SW[4]"
    Warning (15610): No output dependent on input pin "SW[5]"
    Warning (15610): No output dependent on input pin "SW[6]"
    Warning (15610): No output dependent on input pin "SW[7]"
    Warning (15610): No output dependent on input pin "SW[8]"
    Warning (15610): No output dependent on input pin "SW[9]"
Info: Implemented 439 device resources after synthesis - the final resource count might be different
    Info: Implemented 19 input pins
    Info: Implemented 46 output pins
    Info: Implemented 2 bidirectional pins
    Info: Implemented 372 logic cells
Info: Quartus II Analysis & Synthesis was successful. 0 errors, 79 warnings
    Info: Peak virtual memory: 212 megabytes
    Info: Processing ended: Wed May 12 17:30:24 2010
    Info: Elapsed time: 00:00:06
    Info: Total CPU time (on all processors): 00:00:08


