Flow report for q3a
Mon Mar 29 14:12:44 2010
Quartus II Version 9.1 Build 304 01/25/2010 Service Pack 1 SJ Web Edition


---------------------
; Table of Contents ;
---------------------
  1. Legal Notice
  2. Flow Summary
  3. Flow Settings
  4. Flow Non-Default Global Settings
  5. Flow Elapsed Time
  6. Flow OS Summary
  7. Flow Log



----------------
; Legal Notice ;
----------------
Copyright (C) 1991-2010 Altera Corporation
Your use of Altera Corporation's design tools, logic functions 
and other software and tools, and its AMPP partner logic 
functions, and any output files from any of the foregoing 
(including device programming or simulation files), and any 
associated documentation or information are expressly subject 
to the terms and conditions of the Altera Program License 
Subscription Agreement, Altera MegaCore Function License 
Agreement, or other applicable license agreement, including, 
without limitation, that your use is for the sole purpose of 
programming logic devices manufactured by Altera and sold by 
Altera or its authorized distributors.  Please refer to the 
applicable agreement for further details.



+-----------------------------------------------------------------------------------+
; Flow Summary                                                                      ;
+------------------------------------+----------------------------------------------+
; Flow Status                        ; Successful - Mon Mar 29 14:12:44 2010        ;
; Quartus II Version                 ; 9.1 Build 304 01/25/2010 SP 1 SJ Web Edition ;
; Revision Name                      ; q3a                                          ;
; Top-level Entity Name              ; q3a                                          ;
; Family                             ; Cyclone II                                   ;
; Device                             ; EP2C20F484C7                                 ;
; Timing Models                      ; Final                                        ;
; Met timing requirements            ; Yes                                          ;
; Total logic elements               ; 71 / 18,752 ( < 1 % )                        ;
;     Total combinational functions  ; 71 / 18,752 ( < 1 % )                        ;
;     Dedicated logic registers      ; 0 / 18,752 ( 0 % )                           ;
; Total registers                    ; 0                                            ;
; Total pins                         ; 32 / 315 ( 10 % )                            ;
; Total virtual pins                 ; 0                                            ;
; Total memory bits                  ; 0 / 239,616 ( 0 % )                          ;
; Embedded Multiplier 9-bit elements ; 0 / 52 ( 0 % )                               ;
; Total PLLs                         ; 0 / 4 ( 0 % )                                ;
+------------------------------------+----------------------------------------------+


+-----------------------------------------+
; Flow Settings                           ;
+-------------------+---------------------+
; Option            ; Setting             ;
+-------------------+---------------------+
; Start date & time ; 03/29/2010 14:12:22 ;
; Main task         ; Compilation         ;
; Revision Name     ; q3a                 ;
+-------------------+---------------------+


+-------------------------------------------------------------------------------------------------------------------------------------------------------------------------------+
; Flow Non-Default Global Settings                                                                                                                                              ;
+------------------------------------+-------------------------------------------------------------------------------------------+---------------+-------------+----------------+
; Assignment Name                    ; Value                                                                                     ; Default Value ; Entity Name ; Section Id     ;
+------------------------------------+-------------------------------------------------------------------------------------------+---------------+-------------+----------------+
; COMPILER_SIGNATURE_ID              ; 129772612393.126988274103300                                                              ; --            ; --          ; --             ;
; MAX_CORE_JUNCTION_TEMP             ; 85                                                                                        ; --            ; --          ; --             ;
; MIN_CORE_JUNCTION_TEMP             ; 0                                                                                         ; --            ; --          ; --             ;
; MISC_FILE                          ; C:/Documents and Settings/ra082115/Meus documentos/Downloads/lab2-q3/q3a/q3a.dpf          ; --            ; --          ; --             ;
; MISC_FILE                          ; C:/Documents and Settings/ra082941/Meus documentos/Downloads/Lab 2(2)/lab2-q3/q3a/q3a.dpf ; --            ; --          ; --             ;
; MISC_FILE                          ; C:/Documents and Settings/ra082115/Meus documentos/Downloads/q3a/q3a.dpf                  ; --            ; --          ; --             ;
; MISC_FILE                          ; C:/Users/Tiago/Desktop/Lab2/lab2-q3/q3a/q3a.dpf                                           ; --            ; --          ; --             ;
; PARTITION_COLOR                    ; 16764057                                                                                  ; --            ; --          ; Top            ;
; PARTITION_NETLIST_TYPE             ; SOURCE                                                                                    ; --            ; --          ; Top            ;
; USE_GENERATED_PHYSICAL_CONSTRAINTS ; Off                                                                                       ; --            ; --          ; eda_blast_fpga ;
+------------------------------------+-------------------------------------------------------------------------------------------+---------------+-------------+----------------+


+-----------------------------------------------------------------------------------------------------------------------------+
; Flow Elapsed Time                                                                                                           ;
+-------------------------+--------------+-------------------------+---------------------+------------------------------------+
; Module Name             ; Elapsed Time ; Average Processors Used ; Peak Virtual Memory ; Total CPU Time (on all processors) ;
+-------------------------+--------------+-------------------------+---------------------+------------------------------------+
; Analysis & Synthesis    ; 00:00:06     ; 1.0                     ; 206 MB              ; 00:00:07                           ;
; Fitter                  ; 00:00:08     ; 1.0                     ; 215 MB              ; 00:00:08                           ;
; Assembler               ; 00:00:03     ; 1.0                     ; 199 MB              ; 00:00:03                           ;
; Classic Timing Analyzer ; 00:00:01     ; 1.0                     ; 134 MB              ; 00:00:01                           ;
; Total                   ; 00:00:18     ; --                      ; --                  ; 00:00:19                           ;
+-------------------------+--------------+-------------------------+---------------------+------------------------------------+


+------------------------------------------------------------------------------------------+
; Flow OS Summary                                                                          ;
+-------------------------+------------------+---------------+------------+----------------+
; Module Name             ; Machine Hostname ; OS Name       ; OS Version ; Processor type ;
+-------------------------+------------------+---------------+------------+----------------+
; Analysis & Synthesis    ; Tiago-PC         ; Windows Vista ; 6.1        ; i686           ;
; Fitter                  ; Tiago-PC         ; Windows Vista ; 6.1        ; i686           ;
; Assembler               ; Tiago-PC         ; Windows Vista ; 6.1        ; i686           ;
; Classic Timing Analyzer ; Tiago-PC         ; Windows Vista ; 6.1        ; i686           ;
+-------------------------+------------------+---------------+------------+----------------+


------------
; Flow Log ;
------------
quartus_map --read_settings_files=on --write_settings_files=off q3a -c q3a
quartus_fit --read_settings_files=off --write_settings_files=off q3a -c q3a
quartus_asm --read_settings_files=off --write_settings_files=off q3a -c q3a
quartus_tan --read_settings_files=off --write_settings_files=off q3a -c q3a --timing_analysis_only



