This is pdfTeX, Version 3.1415926-1.40.10 (TeX Live 2009) (format=pdflatex 2009.12.31)  17 MAR 2010 16:51
entering extended mode
 %&-line parsing enabled.
**lab2.lyx
(./lab2.lyx
LaTeX2e <2009/09/24>
Babel <v3.8l> and hyphenation patterns for english, usenglishmax, dumylang, noh
yphenation, basque, danish, dutch, finnish, french, german, ngerman, hungarian,
 italian, bokmal, nynorsk, polish, portuguese, spanish, swedish, ukenglish, loa
ded.
! You can't use `macro parameter character #' in vertical mode.
l.1 #
     LyX 1.6.5 created this file. For more info see http://www.lyx.org/
? 
! Emergency stop.
l.1 #
     LyX 1.6.5 created this file. For more info see http://www.lyx.org/
End of file on the terminal!

 
Here is how much of TeX's memory you used:
 6 strings out of 494725
 118 string characters out of 3170733
 45651 words of memory out of 3000000
 3321 multiletter control sequences out of 15000+200000
 3640 words of font info for 14 fonts, out of 3000000 for 9000
 188 hyphenation exceptions out of 8191
 5i,0n,1p,78b,8s stack positions out of 5000i,500n,10000p,200000b,50000s
!  ==> Fatal error occurred, no output PDF file produced!
