Flow report for q2c
Mon Mar 29 18:20:09 2010
Quartus II Version 9.1 Build 304 01/25/2010 Service Pack 1 SJ Web Edition


---------------------
; Table of Contents ;
---------------------
  1. Legal Notice
  2. Flow Summary
  3. Flow Settings
  4. Flow Non-Default Global Settings
  5. Flow Elapsed Time
  6. Flow OS Summary
  7. Flow Log



----------------
; Legal Notice ;
----------------
Copyright (C) 1991-2010 Altera Corporation
Your use of Altera Corporation's design tools, logic functions 
and other software and tools, and its AMPP partner logic 
functions, and any output files from any of the foregoing 
(including device programming or simulation files), and any 
associated documentation or information are expressly subject 
to the terms and conditions of the Altera Program License 
Subscription Agreement, Altera MegaCore Function License 
Agreement, or other applicable license agreement, including, 
without limitation, that your use is for the sole purpose of 
programming logic devices manufactured by Altera and sold by 
Altera or its authorized distributors.  Please refer to the 
applicable agreement for further details.



+-----------------------------------------------------------------------------------+
; Flow Summary                                                                      ;
+------------------------------------+----------------------------------------------+
; Flow Status                        ; Successful - Mon Mar 29 18:20:09 2010        ;
; Quartus II Version                 ; 9.1 Build 304 01/25/2010 SP 1 SJ Web Edition ;
; Revision Name                      ; q2c                                          ;
; Top-level Entity Name              ; q2c                                          ;
; Family                             ; Cyclone II                                   ;
; Device                             ; EP2C20F484C7                                 ;
; Timing Models                      ; Final                                        ;
; Met timing requirements            ; Yes                                          ;
; Total logic elements               ; 19 / 18,752 ( < 1 % )                        ;
;     Total combinational functions  ; 19 / 18,752 ( < 1 % )                        ;
;     Dedicated logic registers      ; 0 / 18,752 ( 0 % )                           ;
; Total registers                    ; 0                                            ;
; Total pins                         ; 22 / 315 ( 7 % )                             ;
; Total virtual pins                 ; 0                                            ;
; Total memory bits                  ; 0 / 239,616 ( 0 % )                          ;
; Embedded Multiplier 9-bit elements ; 0 / 52 ( 0 % )                               ;
; Total PLLs                         ; 0 / 4 ( 0 % )                                ;
+------------------------------------+----------------------------------------------+


+-----------------------------------------+
; Flow Settings                           ;
+-------------------+---------------------+
; Option            ; Setting             ;
+-------------------+---------------------+
; Start date & time ; 03/29/2010 18:19:40 ;
; Main task         ; Compilation         ;
; Revision Name     ; q2c                 ;
+-------------------+---------------------+


+----------------------------------------------------------------------------------------------------------------------------------------------------------------------+
; Flow Non-Default Global Settings                                                                                                                                     ;
+------------------------------------+----------------------------------------------------------------------------------+---------------+-------------+----------------+
; Assignment Name                    ; Value                                                                            ; Default Value ; Entity Name ; Section Id     ;
+------------------------------------+----------------------------------------------------------------------------------+---------------+-------------+----------------+
; COMPILER_SIGNATURE_ID              ; 8796760138612.126989758001216                                                    ; --            ; --          ; --             ;
; MAX_CORE_JUNCTION_TEMP             ; 85                                                                               ; --            ; --          ; --             ;
; MIN_CORE_JUNCTION_TEMP             ; 0                                                                                ; --            ; --          ; --             ;
; MISC_FILE                          ; C:/Documents and Settings/ra082115/Meus documentos/Downloads/lab2-q2/q2c/q2c.dpf ; --            ; --          ; --             ;
; MISC_FILE                          ; \\VBOXSVR\UNICAMP\MC613\Lab 02\cmp613\lab2-q2\q2c\q2c.dpf                        ; --            ; --          ; --             ;
; PARTITION_COLOR                    ; 16764057                                                                         ; --            ; --          ; Top            ;
; PARTITION_NETLIST_TYPE             ; SOURCE                                                                           ; --            ; --          ; Top            ;
; USE_GENERATED_PHYSICAL_CONSTRAINTS ; Off                                                                              ; --            ; --          ; eda_blast_fpga ;
+------------------------------------+----------------------------------------------------------------------------------+---------------+-------------+----------------+


+-----------------------------------------------------------------------------------------------------------------------------+
; Flow Elapsed Time                                                                                                           ;
+-------------------------+--------------+-------------------------+---------------------+------------------------------------+
; Module Name             ; Elapsed Time ; Average Processors Used ; Peak Virtual Memory ; Total CPU Time (on all processors) ;
+-------------------------+--------------+-------------------------+---------------------+------------------------------------+
; Analysis & Synthesis    ; 00:00:07     ; 1.0                     ; 184 MB              ; 00:00:05                           ;
; Fitter                  ; 00:00:09     ; 1.0                     ; 195 MB              ; 00:00:09                           ;
; Assembler               ; 00:00:05     ; 1.0                     ; 179 MB              ; 00:00:04                           ;
; Classic Timing Analyzer ; 00:00:02     ; 1.0                     ; 113 MB              ; 00:00:01                           ;
; Total                   ; 00:00:23     ; --                      ; --                  ; 00:00:19                           ;
+-------------------------+--------------+-------------------------+---------------------+------------------------------------+


+---------------------------------------------------------------------------------------+
; Flow OS Summary                                                                       ;
+-------------------------+------------------+------------+------------+----------------+
; Module Name             ; Machine Hostname ; OS Name    ; OS Version ; Processor type ;
+-------------------------+------------------+------------+------------+----------------+
; Analysis & Synthesis    ; experien-ce7c99  ; Windows XP ; 5.1        ; i686           ;
; Fitter                  ; experien-ce7c99  ; Windows XP ; 5.1        ; i686           ;
; Assembler               ; experien-ce7c99  ; Windows XP ; 5.1        ; i686           ;
; Classic Timing Analyzer ; experien-ce7c99  ; Windows XP ; 5.1        ; i686           ;
+-------------------------+------------------+------------+------------+----------------+


------------
; Flow Log ;
------------
quartus_map --read_settings_files=on --write_settings_files=off q2c -c q2c
quartus_fit --read_settings_files=off --write_settings_files=off q2c -c q2c
quartus_asm --read_settings_files=off --write_settings_files=off q2c -c q2c
quartus_tan --read_settings_files=off --write_settings_files=off q2c -c q2c --timing_analysis_only



